versions pytest-5.3.5, py-1.8.1, python-3.7.5.final.0
cwd=/home/ggaloys/dev/aswf-docker
args=('--debug',)

  pytest_cmdline_main [hook]
      config: <_pytest.config.Config object at 0x7f5f0d19bb90>
    pytest_plugin_registered [hook]
        plugin: <Session aswf-docker exitstatus='<UNSET>' testsfailed=0 testscollected=0>
        manager: <_pytest.config.PytestPluginManager object at 0x7f5f0dea50d0>
    finish pytest_plugin_registered --> [] [hook]
    pytest_configure [hook]
        config: <_pytest.config.Config object at 0x7f5f0d19bb90>
      pytest_plugin_registered [hook]
          plugin: <_pytest.cacheprovider.LFPlugin object at 0x7f5f0d018550>
          manager: <_pytest.config.PytestPluginManager object at 0x7f5f0dea50d0>
      finish pytest_plugin_registered --> [] [hook]
      pytest_plugin_registered [hook]
          plugin: <_pytest.cacheprovider.NFPlugin object at 0x7f5f0d018a90>
          manager: <_pytest.config.PytestPluginManager object at 0x7f5f0dea50d0>
      finish pytest_plugin_registered --> [] [hook]
    early skip of rewriting module: faulthandler [assertion]
      pytest_plugin_registered [hook]
          plugin: <_pytest.stepwise.StepwisePlugin object at 0x7f5f0d018210>
          manager: <_pytest.config.PytestPluginManager object at 0x7f5f0dea50d0>
      finish pytest_plugin_registered --> [] [hook]
    early skip of rewriting module: pdb [assertion]
    early skip of rewriting module: cmd [assertion]
    early skip of rewriting module: code [assertion]
    early skip of rewriting module: codeop [assertion]
      pytest_plugin_registered [hook]
          plugin: <_pytest.config.PytestPluginManager object at 0x7f5f0dea50d0>
          manager: <_pytest.config.PytestPluginManager object at 0x7f5f0dea50d0>
      finish pytest_plugin_registered --> [] [hook]
      pytest_plugin_registered [hook]
          plugin: <_pytest.config.Config object at 0x7f5f0d19bb90>
          manager: <_pytest.config.PytestPluginManager object at 0x7f5f0dea50d0>
      finish pytest_plugin_registered --> [] [hook]
      pytest_plugin_registered [hook]
          plugin: <module '_pytest.mark' from '/home/ggaloys/dev/virtualenv/python-NQM2m0Mm/lib/python3.7/site-packages/_pytest/mark/__init__.py'>
          manager: <_pytest.config.PytestPluginManager object at 0x7f5f0dea50d0>
      finish pytest_plugin_registered --> [] [hook]
      pytest_plugin_registered [hook]
          plugin: <module '_pytest.main' from '/home/ggaloys/dev/virtualenv/python-NQM2m0Mm/lib/python3.7/site-packages/_pytest/main.py'>
          manager: <_pytest.config.PytestPluginManager object at 0x7f5f0dea50d0>
      finish pytest_plugin_registered --> [] [hook]
      pytest_plugin_registered [hook]
          plugin: <module '_pytest.runner' from '/home/ggaloys/dev/virtualenv/python-NQM2m0Mm/lib/python3.7/site-packages/_pytest/runner.py'>
          manager: <_pytest.config.PytestPluginManager object at 0x7f5f0dea50d0>
      finish pytest_plugin_registered --> [] [hook]
      pytest_plugin_registered [hook]
          plugin: <module '_pytest.fixtures' from '/home/ggaloys/dev/virtualenv/python-NQM2m0Mm/lib/python3.7/site-packages/_pytest/fixtures.py'>
          manager: <_pytest.config.PytestPluginManager object at 0x7f5f0dea50d0>
      finish pytest_plugin_registered --> [] [hook]
      pytest_plugin_registered [hook]
          plugin: <module '_pytest.helpconfig' from '/home/ggaloys/dev/virtualenv/python-NQM2m0Mm/lib/python3.7/site-packages/_pytest/helpconfig.py'>
          manager: <_pytest.config.PytestPluginManager object at 0x7f5f0dea50d0>
      finish pytest_plugin_registered --> [] [hook]
      pytest_plugin_registered [hook]
          plugin: <module '_pytest.python' from '/home/ggaloys/dev/virtualenv/python-NQM2m0Mm/lib/python3.7/site-packages/_pytest/python.py'>
          manager: <_pytest.config.PytestPluginManager object at 0x7f5f0dea50d0>
      finish pytest_plugin_registered --> [] [hook]
      pytest_plugin_registered [hook]
          plugin: <module '_pytest.terminal' from '/home/ggaloys/dev/virtualenv/python-NQM2m0Mm/lib/python3.7/site-packages/_pytest/terminal.py'>
          manager: <_pytest.config.PytestPluginManager object at 0x7f5f0dea50d0>
      finish pytest_plugin_registered --> [] [hook]
      pytest_plugin_registered [hook]
          plugin: <module '_pytest.debugging' from '/home/ggaloys/dev/virtualenv/python-NQM2m0Mm/lib/python3.7/site-packages/_pytest/debugging.py'>
          manager: <_pytest.config.PytestPluginManager object at 0x7f5f0dea50d0>
      finish pytest_plugin_registered --> [] [hook]
      pytest_plugin_registered [hook]
          plugin: <module '_pytest.unittest' from '/home/ggaloys/dev/virtualenv/python-NQM2m0Mm/lib/python3.7/site-packages/_pytest/unittest.py'>
          manager: <_pytest.config.PytestPluginManager object at 0x7f5f0dea50d0>
      finish pytest_plugin_registered --> [] [hook]
      pytest_plugin_registered [hook]
          plugin: <module '_pytest.capture' from '/home/ggaloys/dev/virtualenv/python-NQM2m0Mm/lib/python3.7/site-packages/_pytest/capture.py'>
          manager: <_pytest.config.PytestPluginManager object at 0x7f5f0dea50d0>
      finish pytest_plugin_registered --> [] [hook]
      pytest_plugin_registered [hook]
          plugin: <module '_pytest.skipping' from '/home/ggaloys/dev/virtualenv/python-NQM2m0Mm/lib/python3.7/site-packages/_pytest/skipping.py'>
          manager: <_pytest.config.PytestPluginManager object at 0x7f5f0dea50d0>
      finish pytest_plugin_registered --> [] [hook]
      pytest_plugin_registered [hook]
          plugin: <module '_pytest.tmpdir' from '/home/ggaloys/dev/virtualenv/python-NQM2m0Mm/lib/python3.7/site-packages/_pytest/tmpdir.py'>
          manager: <_pytest.config.PytestPluginManager object at 0x7f5f0dea50d0>
      finish pytest_plugin_registered --> [] [hook]
      pytest_plugin_registered [hook]
          plugin: <module '_pytest.monkeypatch' from '/home/ggaloys/dev/virtualenv/python-NQM2m0Mm/lib/python3.7/site-packages/_pytest/monkeypatch.py'>
          manager: <_pytest.config.PytestPluginManager object at 0x7f5f0dea50d0>
      finish pytest_plugin_registered --> [] [hook]
      pytest_plugin_registered [hook]
          plugin: <module '_pytest.recwarn' from '/home/ggaloys/dev/virtualenv/python-NQM2m0Mm/lib/python3.7/site-packages/_pytest/recwarn.py'>
          manager: <_pytest.config.PytestPluginManager object at 0x7f5f0dea50d0>
      finish pytest_plugin_registered --> [] [hook]
      pytest_plugin_registered [hook]
          plugin: <module '_pytest.pastebin' from '/home/ggaloys/dev/virtualenv/python-NQM2m0Mm/lib/python3.7/site-packages/_pytest/pastebin.py'>
          manager: <_pytest.config.PytestPluginManager object at 0x7f5f0dea50d0>
      finish pytest_plugin_registered --> [] [hook]
      pytest_plugin_registered [hook]
          plugin: <module '_pytest.nose' from '/home/ggaloys/dev/virtualenv/python-NQM2m0Mm/lib/python3.7/site-packages/_pytest/nose.py'>
          manager: <_pytest.config.PytestPluginManager object at 0x7f5f0dea50d0>
      finish pytest_plugin_registered --> [] [hook]
      pytest_plugin_registered [hook]
          plugin: <module '_pytest.assertion' from '/home/ggaloys/dev/virtualenv/python-NQM2m0Mm/lib/python3.7/site-packages/_pytest/assertion/__init__.py'>
          manager: <_pytest.config.PytestPluginManager object at 0x7f5f0dea50d0>
      finish pytest_plugin_registered --> [] [hook]
      pytest_plugin_registered [hook]
          plugin: <module '_pytest.junitxml' from '/home/ggaloys/dev/virtualenv/python-NQM2m0Mm/lib/python3.7/site-packages/_pytest/junitxml.py'>
          manager: <_pytest.config.PytestPluginManager object at 0x7f5f0dea50d0>
      finish pytest_plugin_registered --> [] [hook]
      pytest_plugin_registered [hook]
          plugin: <module '_pytest.resultlog' from '/home/ggaloys/dev/virtualenv/python-NQM2m0Mm/lib/python3.7/site-packages/_pytest/resultlog.py'>
          manager: <_pytest.config.PytestPluginManager object at 0x7f5f0dea50d0>
      finish pytest_plugin_registered --> [] [hook]
      pytest_plugin_registered [hook]
          plugin: <module '_pytest.doctest' from '/home/ggaloys/dev/virtualenv/python-NQM2m0Mm/lib/python3.7/site-packages/_pytest/doctest.py'>
          manager: <_pytest.config.PytestPluginManager object at 0x7f5f0dea50d0>
      finish pytest_plugin_registered --> [] [hook]
      pytest_plugin_registered [hook]
          plugin: <module '_pytest.cacheprovider' from '/home/ggaloys/dev/virtualenv/python-NQM2m0Mm/lib/python3.7/site-packages/_pytest/cacheprovider.py'>
          manager: <_pytest.config.PytestPluginManager object at 0x7f5f0dea50d0>
      finish pytest_plugin_registered --> [] [hook]
      pytest_plugin_registered [hook]
          plugin: <module '_pytest.freeze_support' from '/home/ggaloys/dev/virtualenv/python-NQM2m0Mm/lib/python3.7/site-packages/_pytest/freeze_support.py'>
          manager: <_pytest.config.PytestPluginManager object at 0x7f5f0dea50d0>
      finish pytest_plugin_registered --> [] [hook]
      pytest_plugin_registered [hook]
          plugin: <module '_pytest.setuponly' from '/home/ggaloys/dev/virtualenv/python-NQM2m0Mm/lib/python3.7/site-packages/_pytest/setuponly.py'>
          manager: <_pytest.config.PytestPluginManager object at 0x7f5f0dea50d0>
      finish pytest_plugin_registered --> [] [hook]
      pytest_plugin_registered [hook]
          plugin: <module '_pytest.setupplan' from '/home/ggaloys/dev/virtualenv/python-NQM2m0Mm/lib/python3.7/site-packages/_pytest/setupplan.py'>
          manager: <_pytest.config.PytestPluginManager object at 0x7f5f0dea50d0>
      finish pytest_plugin_registered --> [] [hook]
      pytest_plugin_registered [hook]
          plugin: <module '_pytest.stepwise' from '/home/ggaloys/dev/virtualenv/python-NQM2m0Mm/lib/python3.7/site-packages/_pytest/stepwise.py'>
          manager: <_pytest.config.PytestPluginManager object at 0x7f5f0dea50d0>
      finish pytest_plugin_registered --> [] [hook]
      pytest_plugin_registered [hook]
          plugin: <module '_pytest.warnings' from '/home/ggaloys/dev/virtualenv/python-NQM2m0Mm/lib/python3.7/site-packages/_pytest/warnings.py'>
          manager: <_pytest.config.PytestPluginManager object at 0x7f5f0dea50d0>
      finish pytest_plugin_registered --> [] [hook]
      pytest_plugin_registered [hook]
          plugin: <module '_pytest.logging' from '/home/ggaloys/dev/virtualenv/python-NQM2m0Mm/lib/python3.7/site-packages/_pytest/logging.py'>
          manager: <_pytest.config.PytestPluginManager object at 0x7f5f0dea50d0>
      finish pytest_plugin_registered --> [] [hook]
      pytest_plugin_registered [hook]
          plugin: <module '_pytest.reports' from '/home/ggaloys/dev/virtualenv/python-NQM2m0Mm/lib/python3.7/site-packages/_pytest/reports.py'>
          manager: <_pytest.config.PytestPluginManager object at 0x7f5f0dea50d0>
      finish pytest_plugin_registered --> [] [hook]
      pytest_plugin_registered [hook]
          plugin: <module '_pytest.faulthandler' from '/home/ggaloys/dev/virtualenv/python-NQM2m0Mm/lib/python3.7/site-packages/_pytest/faulthandler.py'>
          manager: <_pytest.config.PytestPluginManager object at 0x7f5f0dea50d0>
      finish pytest_plugin_registered --> [] [hook]
      pytest_plugin_registered [hook]
          plugin: <CaptureManager _method='fd' _global_capturing=<MultiCapture out=<FDCapture 1 oldfd=5 _state='suspended'> err=<FDCapture 2 oldfd=6 _state='suspended'> in_=<FDCapture 0 oldfd=3 _state='started'> _state='suspended' _in_suspended='<UNSET>'> _current_item=None>
          manager: <_pytest.config.PytestPluginManager object at 0x7f5f0dea50d0>
      finish pytest_plugin_registered --> [] [hook]
      pytest_plugin_registered [hook]
          plugin: <Session aswf-docker exitstatus=<ExitCode.OK: 0> testsfailed=0 testscollected=0>
          manager: <_pytest.config.PytestPluginManager object at 0x7f5f0dea50d0>
      finish pytest_plugin_registered --> [] [hook]
      pytest_plugin_registered [hook]
          plugin: <_pytest.cacheprovider.LFPlugin object at 0x7f5f0d018550>
          manager: <_pytest.config.PytestPluginManager object at 0x7f5f0dea50d0>
      finish pytest_plugin_registered --> [] [hook]
      pytest_plugin_registered [hook]
          plugin: <_pytest.cacheprovider.NFPlugin object at 0x7f5f0d018a90>
          manager: <_pytest.config.PytestPluginManager object at 0x7f5f0dea50d0>
      finish pytest_plugin_registered --> [] [hook]
      pytest_plugin_registered [hook]
          plugin: <_pytest.stepwise.StepwisePlugin object at 0x7f5f0d018210>
          manager: <_pytest.config.PytestPluginManager object at 0x7f5f0dea50d0>
      finish pytest_plugin_registered --> [] [hook]
      pytest_plugin_registered [hook]
          plugin: <_pytest.terminal.TerminalReporter object at 0x7f5f0d018910>
          manager: <_pytest.config.PytestPluginManager object at 0x7f5f0dea50d0>
      finish pytest_plugin_registered --> [] [hook]
      pytest_plugin_registered [hook]
          plugin: <_pytest.logging.LoggingPlugin object at 0x7f5f0cfe04d0>
          manager: <_pytest.config.PytestPluginManager object at 0x7f5f0dea50d0>
      finish pytest_plugin_registered --> [] [hook]
    finish pytest_configure --> [] [hook]
    pytest_sessionstart [hook]
        session: <Session aswf-docker exitstatus=<ExitCode.OK: 0> testsfailed=0 testscollected=0>
      pytest_plugin_registered [hook]
          plugin: <_pytest.config.PytestPluginManager object at 0x7f5f0dea50d0>
          manager: <_pytest.config.PytestPluginManager object at 0x7f5f0dea50d0>
      finish pytest_plugin_registered --> [] [hook]
      pytest_plugin_registered [hook]
          plugin: <_pytest.config.Config object at 0x7f5f0d19bb90>
          manager: <_pytest.config.PytestPluginManager object at 0x7f5f0dea50d0>
      finish pytest_plugin_registered --> [] [hook]
      pytest_plugin_registered [hook]
          plugin: <module '_pytest.mark' from '/home/ggaloys/dev/virtualenv/python-NQM2m0Mm/lib/python3.7/site-packages/_pytest/mark/__init__.py'>
          manager: <_pytest.config.PytestPluginManager object at 0x7f5f0dea50d0>
      finish pytest_plugin_registered --> [] [hook]
      pytest_plugin_registered [hook]
          plugin: <module '_pytest.main' from '/home/ggaloys/dev/virtualenv/python-NQM2m0Mm/lib/python3.7/site-packages/_pytest/main.py'>
          manager: <_pytest.config.PytestPluginManager object at 0x7f5f0dea50d0>
      finish pytest_plugin_registered --> [] [hook]
      pytest_plugin_registered [hook]
          plugin: <module '_pytest.runner' from '/home/ggaloys/dev/virtualenv/python-NQM2m0Mm/lib/python3.7/site-packages/_pytest/runner.py'>
          manager: <_pytest.config.PytestPluginManager object at 0x7f5f0dea50d0>
      finish pytest_plugin_registered --> [] [hook]
      pytest_plugin_registered [hook]
          plugin: <module '_pytest.fixtures' from '/home/ggaloys/dev/virtualenv/python-NQM2m0Mm/lib/python3.7/site-packages/_pytest/fixtures.py'>
          manager: <_pytest.config.PytestPluginManager object at 0x7f5f0dea50d0>
      finish pytest_plugin_registered --> [] [hook]
      pytest_plugin_registered [hook]
          plugin: <module '_pytest.helpconfig' from '/home/ggaloys/dev/virtualenv/python-NQM2m0Mm/lib/python3.7/site-packages/_pytest/helpconfig.py'>
          manager: <_pytest.config.PytestPluginManager object at 0x7f5f0dea50d0>
      finish pytest_plugin_registered --> [] [hook]
      pytest_plugin_registered [hook]
          plugin: <module '_pytest.python' from '/home/ggaloys/dev/virtualenv/python-NQM2m0Mm/lib/python3.7/site-packages/_pytest/python.py'>
          manager: <_pytest.config.PytestPluginManager object at 0x7f5f0dea50d0>
      finish pytest_plugin_registered --> [] [hook]
      pytest_plugin_registered [hook]
          plugin: <module '_pytest.terminal' from '/home/ggaloys/dev/virtualenv/python-NQM2m0Mm/lib/python3.7/site-packages/_pytest/terminal.py'>
          manager: <_pytest.config.PytestPluginManager object at 0x7f5f0dea50d0>
      finish pytest_plugin_registered --> [] [hook]
      pytest_plugin_registered [hook]
          plugin: <module '_pytest.debugging' from '/home/ggaloys/dev/virtualenv/python-NQM2m0Mm/lib/python3.7/site-packages/_pytest/debugging.py'>
          manager: <_pytest.config.PytestPluginManager object at 0x7f5f0dea50d0>
      finish pytest_plugin_registered --> [] [hook]
      pytest_plugin_registered [hook]
          plugin: <module '_pytest.unittest' from '/home/ggaloys/dev/virtualenv/python-NQM2m0Mm/lib/python3.7/site-packages/_pytest/unittest.py'>
          manager: <_pytest.config.PytestPluginManager object at 0x7f5f0dea50d0>
      finish pytest_plugin_registered --> [] [hook]
      pytest_plugin_registered [hook]
          plugin: <module '_pytest.capture' from '/home/ggaloys/dev/virtualenv/python-NQM2m0Mm/lib/python3.7/site-packages/_pytest/capture.py'>
          manager: <_pytest.config.PytestPluginManager object at 0x7f5f0dea50d0>
      finish pytest_plugin_registered --> [] [hook]
      pytest_plugin_registered [hook]
          plugin: <module '_pytest.skipping' from '/home/ggaloys/dev/virtualenv/python-NQM2m0Mm/lib/python3.7/site-packages/_pytest/skipping.py'>
          manager: <_pytest.config.PytestPluginManager object at 0x7f5f0dea50d0>
      finish pytest_plugin_registered --> [] [hook]
      pytest_plugin_registered [hook]
          plugin: <module '_pytest.tmpdir' from '/home/ggaloys/dev/virtualenv/python-NQM2m0Mm/lib/python3.7/site-packages/_pytest/tmpdir.py'>
          manager: <_pytest.config.PytestPluginManager object at 0x7f5f0dea50d0>
      finish pytest_plugin_registered --> [] [hook]
      pytest_plugin_registered [hook]
          plugin: <module '_pytest.monkeypatch' from '/home/ggaloys/dev/virtualenv/python-NQM2m0Mm/lib/python3.7/site-packages/_pytest/monkeypatch.py'>
          manager: <_pytest.config.PytestPluginManager object at 0x7f5f0dea50d0>
      finish pytest_plugin_registered --> [] [hook]
      pytest_plugin_registered [hook]
          plugin: <module '_pytest.recwarn' from '/home/ggaloys/dev/virtualenv/python-NQM2m0Mm/lib/python3.7/site-packages/_pytest/recwarn.py'>
          manager: <_pytest.config.PytestPluginManager object at 0x7f5f0dea50d0>
      finish pytest_plugin_registered --> [] [hook]
      pytest_plugin_registered [hook]
          plugin: <module '_pytest.pastebin' from '/home/ggaloys/dev/virtualenv/python-NQM2m0Mm/lib/python3.7/site-packages/_pytest/pastebin.py'>
          manager: <_pytest.config.PytestPluginManager object at 0x7f5f0dea50d0>
      finish pytest_plugin_registered --> [] [hook]
      pytest_plugin_registered [hook]
          plugin: <module '_pytest.nose' from '/home/ggaloys/dev/virtualenv/python-NQM2m0Mm/lib/python3.7/site-packages/_pytest/nose.py'>
          manager: <_pytest.config.PytestPluginManager object at 0x7f5f0dea50d0>
      finish pytest_plugin_registered --> [] [hook]
      pytest_plugin_registered [hook]
          plugin: <module '_pytest.assertion' from '/home/ggaloys/dev/virtualenv/python-NQM2m0Mm/lib/python3.7/site-packages/_pytest/assertion/__init__.py'>
          manager: <_pytest.config.PytestPluginManager object at 0x7f5f0dea50d0>
      finish pytest_plugin_registered --> [] [hook]
      pytest_plugin_registered [hook]
          plugin: <module '_pytest.junitxml' from '/home/ggaloys/dev/virtualenv/python-NQM2m0Mm/lib/python3.7/site-packages/_pytest/junitxml.py'>
          manager: <_pytest.config.PytestPluginManager object at 0x7f5f0dea50d0>
      finish pytest_plugin_registered --> [] [hook]
      pytest_plugin_registered [hook]
          plugin: <module '_pytest.resultlog' from '/home/ggaloys/dev/virtualenv/python-NQM2m0Mm/lib/python3.7/site-packages/_pytest/resultlog.py'>
          manager: <_pytest.config.PytestPluginManager object at 0x7f5f0dea50d0>
      finish pytest_plugin_registered --> [] [hook]
      pytest_plugin_registered [hook]
          plugin: <module '_pytest.doctest' from '/home/ggaloys/dev/virtualenv/python-NQM2m0Mm/lib/python3.7/site-packages/_pytest/doctest.py'>
          manager: <_pytest.config.PytestPluginManager object at 0x7f5f0dea50d0>
      finish pytest_plugin_registered --> [] [hook]
      pytest_plugin_registered [hook]
          plugin: <module '_pytest.cacheprovider' from '/home/ggaloys/dev/virtualenv/python-NQM2m0Mm/lib/python3.7/site-packages/_pytest/cacheprovider.py'>
          manager: <_pytest.config.PytestPluginManager object at 0x7f5f0dea50d0>
      finish pytest_plugin_registered --> [] [hook]
      pytest_plugin_registered [hook]
          plugin: <module '_pytest.freeze_support' from '/home/ggaloys/dev/virtualenv/python-NQM2m0Mm/lib/python3.7/site-packages/_pytest/freeze_support.py'>
          manager: <_pytest.config.PytestPluginManager object at 0x7f5f0dea50d0>
      finish pytest_plugin_registered --> [] [hook]
      pytest_plugin_registered [hook]
          plugin: <module '_pytest.setuponly' from '/home/ggaloys/dev/virtualenv/python-NQM2m0Mm/lib/python3.7/site-packages/_pytest/setuponly.py'>
          manager: <_pytest.config.PytestPluginManager object at 0x7f5f0dea50d0>
      finish pytest_plugin_registered --> [] [hook]
      pytest_plugin_registered [hook]
          plugin: <module '_pytest.setupplan' from '/home/ggaloys/dev/virtualenv/python-NQM2m0Mm/lib/python3.7/site-packages/_pytest/setupplan.py'>
          manager: <_pytest.config.PytestPluginManager object at 0x7f5f0dea50d0>
      finish pytest_plugin_registered --> [] [hook]
      pytest_plugin_registered [hook]
          plugin: <module '_pytest.stepwise' from '/home/ggaloys/dev/virtualenv/python-NQM2m0Mm/lib/python3.7/site-packages/_pytest/stepwise.py'>
          manager: <_pytest.config.PytestPluginManager object at 0x7f5f0dea50d0>
      finish pytest_plugin_registered --> [] [hook]
      pytest_plugin_registered [hook]
          plugin: <module '_pytest.warnings' from '/home/ggaloys/dev/virtualenv/python-NQM2m0Mm/lib/python3.7/site-packages/_pytest/warnings.py'>
          manager: <_pytest.config.PytestPluginManager object at 0x7f5f0dea50d0>
      finish pytest_plugin_registered --> [] [hook]
      pytest_plugin_registered [hook]
          plugin: <module '_pytest.logging' from '/home/ggaloys/dev/virtualenv/python-NQM2m0Mm/lib/python3.7/site-packages/_pytest/logging.py'>
          manager: <_pytest.config.PytestPluginManager object at 0x7f5f0dea50d0>
      finish pytest_plugin_registered --> [] [hook]
      pytest_plugin_registered [hook]
          plugin: <module '_pytest.reports' from '/home/ggaloys/dev/virtualenv/python-NQM2m0Mm/lib/python3.7/site-packages/_pytest/reports.py'>
          manager: <_pytest.config.PytestPluginManager object at 0x7f5f0dea50d0>
      finish pytest_plugin_registered --> [] [hook]
      pytest_plugin_registered [hook]
          plugin: <module '_pytest.faulthandler' from '/home/ggaloys/dev/virtualenv/python-NQM2m0Mm/lib/python3.7/site-packages/_pytest/faulthandler.py'>
          manager: <_pytest.config.PytestPluginManager object at 0x7f5f0dea50d0>
      finish pytest_plugin_registered --> [] [hook]
      pytest_plugin_registered [hook]
          plugin: <CaptureManager _method='fd' _global_capturing=<MultiCapture out=<FDCapture 1 oldfd=5 _state='suspended'> err=<FDCapture 2 oldfd=6 _state='suspended'> in_=<FDCapture 0 oldfd=3 _state='started'> _state='suspended' _in_suspended='<UNSET>'> _current_item=None>
          manager: <_pytest.config.PytestPluginManager object at 0x7f5f0dea50d0>
      finish pytest_plugin_registered --> [] [hook]
      pytest_plugin_registered [hook]
          plugin: <Session aswf-docker exitstatus=<ExitCode.OK: 0> testsfailed=0 testscollected=0>
          manager: <_pytest.config.PytestPluginManager object at 0x7f5f0dea50d0>
      finish pytest_plugin_registered --> [] [hook]
      pytest_plugin_registered [hook]
          plugin: <_pytest.cacheprovider.LFPlugin object at 0x7f5f0d018550>
          manager: <_pytest.config.PytestPluginManager object at 0x7f5f0dea50d0>
      finish pytest_plugin_registered --> [] [hook]
      pytest_plugin_registered [hook]
          plugin: <_pytest.cacheprovider.NFPlugin object at 0x7f5f0d018a90>
          manager: <_pytest.config.PytestPluginManager object at 0x7f5f0dea50d0>
      finish pytest_plugin_registered --> [] [hook]
      pytest_plugin_registered [hook]
          plugin: <_pytest.stepwise.StepwisePlugin object at 0x7f5f0d018210>
          manager: <_pytest.config.PytestPluginManager object at 0x7f5f0dea50d0>
      finish pytest_plugin_registered --> [] [hook]
      pytest_plugin_registered [hook]
          plugin: <_pytest.terminal.TerminalReporter object at 0x7f5f0d018910>
          manager: <_pytest.config.PytestPluginManager object at 0x7f5f0dea50d0>
      finish pytest_plugin_registered --> [] [hook]
      pytest_plugin_registered [hook]
          plugin: <_pytest.logging.LoggingPlugin object at 0x7f5f0cfe04d0>
          manager: <_pytest.config.PytestPluginManager object at 0x7f5f0dea50d0>
      finish pytest_plugin_registered --> [] [hook]
      pytest_plugin_registered [hook]
          plugin: <_pytest.fixtures.FixtureManager object at 0x7f5f0cfe09d0>
          manager: <_pytest.config.PytestPluginManager object at 0x7f5f0dea50d0>
      finish pytest_plugin_registered --> [] [hook]
      pytest_report_header [hook]
          config: <_pytest.config.Config object at 0x7f5f0d19bb90>
          startdir: /home/ggaloys/dev/aswf-docker
      finish pytest_report_header --> [['rootdir: /home/ggaloys/dev/aswf-docker'], ['using: pytest-5.3.5 pylib-1.8.1']] [hook]
    finish pytest_sessionstart --> [] [hook]
    pytest_collection [hook]
        session: <Session aswf-docker exitstatus=<ExitCode.OK: 0> testsfailed=0 testscollected=0>
    perform_collect <Session aswf-docker exitstatus=<ExitCode.OK: 0> testsfailed=0 testscollected=0> ['/home/ggaloys/dev/aswf-docker'] [collection]
        pytest_collectstart [hook]
            collector: <Session aswf-docker exitstatus=<ExitCode.OK: 0> testsfailed=0 testscollected=0>
        finish pytest_collectstart --> [] [hook]
        pytest_make_collect_report [hook]
            collector: <Session aswf-docker exitstatus=<ExitCode.OK: 0> testsfailed=0 testscollected=0>
        processing argument [local('/home/ggaloys/dev/aswf-docker')] [collection]
            pytest_ignore_collect [hook]
                path: /home/ggaloys/dev/aswf-docker/scripts
                config: <_pytest.config.Config object at 0x7f5f0d19bb90>
            finish pytest_ignore_collect --> False [hook]
          early skip of rewriting module: py._code [assertion]
          early skip of rewriting module: py._code.code [assertion]
          early skip of rewriting module: repr [assertion]
            pytest_collect_directory [hook]
                path: /home/ggaloys/dev/aswf-docker/scripts
                parent: <Session aswf-docker exitstatus=<ExitCode.OK: 0> testsfailed=0 testscollected=0>
            finish pytest_collect_directory --> None [hook]
            pytest_ignore_collect [hook]
                path: /home/ggaloys/dev/aswf-docker/packages
                config: <_pytest.config.Config object at 0x7f5f0d19bb90>
            finish pytest_ignore_collect --> False [hook]
            pytest_collect_directory [hook]
                path: /home/ggaloys/dev/aswf-docker/packages
                parent: <Session aswf-docker exitstatus=<ExitCode.OK: 0> testsfailed=0 testscollected=0>
            finish pytest_collect_directory --> None [hook]
            pytest_ignore_collect [hook]
                path: /home/ggaloys/dev/aswf-docker/ci-opencue
                config: <_pytest.config.Config object at 0x7f5f0d19bb90>
            finish pytest_ignore_collect --> False [hook]
            pytest_collect_directory [hook]
                path: /home/ggaloys/dev/aswf-docker/ci-opencue
                parent: <Session aswf-docker exitstatus=<ExitCode.OK: 0> testsfailed=0 testscollected=0>
            finish pytest_collect_directory --> None [hook]
            pytest_ignore_collect [hook]
                path: /home/ggaloys/dev/aswf-docker/ci-usd
                config: <_pytest.config.Config object at 0x7f5f0d19bb90>
            finish pytest_ignore_collect --> False [hook]
            pytest_collect_directory [hook]
                path: /home/ggaloys/dev/aswf-docker/ci-usd
                parent: <Session aswf-docker exitstatus=<ExitCode.OK: 0> testsfailed=0 testscollected=0>
            finish pytest_collect_directory --> None [hook]
            pytest_ignore_collect [hook]
                path: /home/ggaloys/dev/aswf-docker/build
                config: <_pytest.config.Config object at 0x7f5f0d19bb90>
            finish pytest_ignore_collect --> False [hook]
            pytest_ignore_collect [hook]
                path: /home/ggaloys/dev/aswf-docker/ci-vfxall
                config: <_pytest.config.Config object at 0x7f5f0d19bb90>
            finish pytest_ignore_collect --> False [hook]
            pytest_collect_directory [hook]
                path: /home/ggaloys/dev/aswf-docker/ci-vfxall
                parent: <Session aswf-docker exitstatus=<ExitCode.OK: 0> testsfailed=0 testscollected=0>
            finish pytest_collect_directory --> None [hook]
            pytest_ignore_collect [hook]
                path: /home/ggaloys/dev/aswf-docker/ci-ocio
                config: <_pytest.config.Config object at 0x7f5f0d19bb90>
            finish pytest_ignore_collect --> False [hook]
            pytest_collect_directory [hook]
                path: /home/ggaloys/dev/aswf-docker/ci-ocio
                parent: <Session aswf-docker exitstatus=<ExitCode.OK: 0> testsfailed=0 testscollected=0>
            finish pytest_collect_directory --> None [hook]
            pytest_ignore_collect [hook]
                path: /home/ggaloys/dev/aswf-docker/ci-openvdb
                config: <_pytest.config.Config object at 0x7f5f0d19bb90>
            finish pytest_ignore_collect --> False [hook]
            pytest_collect_directory [hook]
                path: /home/ggaloys/dev/aswf-docker/ci-openvdb
                parent: <Session aswf-docker exitstatus=<ExitCode.OK: 0> testsfailed=0 testscollected=0>
            finish pytest_collect_directory --> None [hook]
            pytest_ignore_collect [hook]
                path: /home/ggaloys/dev/aswf-docker/.pytest_cache
                config: <_pytest.config.Config object at 0x7f5f0d19bb90>
            finish pytest_ignore_collect --> False [hook]
            pytest_ignore_collect [hook]
                path: /home/ggaloys/dev/aswf-docker/.git
                config: <_pytest.config.Config object at 0x7f5f0d19bb90>
            finish pytest_ignore_collect --> False [hook]
            pytest_ignore_collect [hook]
                path: /home/ggaloys/dev/aswf-docker/.mypy_cache
                config: <_pytest.config.Config object at 0x7f5f0d19bb90>
            finish pytest_ignore_collect --> False [hook]
            pytest_ignore_collect [hook]
                path: /home/ggaloys/dev/aswf-docker/ci-base
                config: <_pytest.config.Config object at 0x7f5f0d19bb90>
            finish pytest_ignore_collect --> False [hook]
            pytest_collect_directory [hook]
                path: /home/ggaloys/dev/aswf-docker/ci-base
                parent: <Session aswf-docker exitstatus=<ExitCode.OK: 0> testsfailed=0 testscollected=0>
            finish pytest_collect_directory --> None [hook]
            pytest_ignore_collect [hook]
                path: /home/ggaloys/dev/aswf-docker/.vscode
                config: <_pytest.config.Config object at 0x7f5f0d19bb90>
            finish pytest_ignore_collect --> False [hook]
            pytest_ignore_collect [hook]
                path: /home/ggaloys/dev/aswf-docker/ci-baseqt
                config: <_pytest.config.Config object at 0x7f5f0d19bb90>
            finish pytest_ignore_collect --> False [hook]
            pytest_collect_directory [hook]
                path: /home/ggaloys/dev/aswf-docker/ci-baseqt
                parent: <Session aswf-docker exitstatus=<ExitCode.OK: 0> testsfailed=0 testscollected=0>
            finish pytest_collect_directory --> None [hook]
            pytest_ignore_collect [hook]
                path: /home/ggaloys/dev/aswf-docker/ci-common
                config: <_pytest.config.Config object at 0x7f5f0d19bb90>
            finish pytest_ignore_collect --> False [hook]
            pytest_collect_directory [hook]
                path: /home/ggaloys/dev/aswf-docker/ci-common
                parent: <Session aswf-docker exitstatus=<ExitCode.OK: 0> testsfailed=0 testscollected=0>
            finish pytest_collect_directory --> None [hook]
            pytest_ignore_collect [hook]
                path: /home/ggaloys/dev/aswf-docker/.azure
                config: <_pytest.config.Config object at 0x7f5f0d19bb90>
            finish pytest_ignore_collect --> False [hook]
            pytest_ignore_collect [hook]
                path: /home/ggaloys/dev/aswf-docker/ci-openexr
                config: <_pytest.config.Config object at 0x7f5f0d19bb90>
            finish pytest_ignore_collect --> False [hook]
            pytest_collect_directory [hook]
                path: /home/ggaloys/dev/aswf-docker/ci-openexr
                parent: <Session aswf-docker exitstatus=<ExitCode.OK: 0> testsfailed=0 testscollected=0>
            finish pytest_collect_directory --> None [hook]
            pytest_ignore_collect [hook]
                path: /home/ggaloys/dev/aswf-docker/python
                config: <_pytest.config.Config object at 0x7f5f0d19bb90>
            finish pytest_ignore_collect --> False [hook]
            pytest_collect_directory [hook]
                path: /home/ggaloys/dev/aswf-docker/python
                parent: <Session aswf-docker exitstatus=<ExitCode.OK: 0> testsfailed=0 testscollected=0>
            finish pytest_collect_directory --> None [hook]
            pytest_ignore_collect [hook]
                path: /home/ggaloys/dev/aswf-docker/.gitignore
                config: <_pytest.config.Config object at 0x7f5f0d19bb90>
            finish pytest_ignore_collect --> False [hook]
            pytest_collect_file [hook]
                path: /home/ggaloys/dev/aswf-docker/.gitignore
                parent: <Session aswf-docker exitstatus=<ExitCode.OK: 0> testsfailed=0 testscollected=0>
            finish pytest_collect_file --> [] [hook]
            pytest_ignore_collect [hook]
                path: /home/ggaloys/dev/aswf-docker/CHANGELOG.md
                config: <_pytest.config.Config object at 0x7f5f0d19bb90>
            finish pytest_ignore_collect --> False [hook]
            pytest_collect_file [hook]
                path: /home/ggaloys/dev/aswf-docker/CHANGELOG.md
                parent: <Session aswf-docker exitstatus=<ExitCode.OK: 0> testsfailed=0 testscollected=0>
            finish pytest_collect_file --> [] [hook]
            pytest_ignore_collect [hook]
                path: /home/ggaloys/dev/aswf-docker/LICENSE
                config: <_pytest.config.Config object at 0x7f5f0d19bb90>
            finish pytest_ignore_collect --> False [hook]
            pytest_collect_file [hook]
                path: /home/ggaloys/dev/aswf-docker/LICENSE
                parent: <Session aswf-docker exitstatus=<ExitCode.OK: 0> testsfailed=0 testscollected=0>
            finish pytest_collect_file --> [] [hook]
            pytest_ignore_collect [hook]
                path: /home/ggaloys/dev/aswf-docker/README.md
                config: <_pytest.config.Config object at 0x7f5f0d19bb90>
            finish pytest_ignore_collect --> False [hook]
            pytest_collect_file [hook]
                path: /home/ggaloys/dev/aswf-docker/README.md
                parent: <Session aswf-docker exitstatus=<ExitCode.OK: 0> testsfailed=0 testscollected=0>
            finish pytest_collect_file --> [] [hook]
            pytest_ignore_collect [hook]
                path: /home/ggaloys/dev/aswf-docker/azure-pipelines.yml
                config: <_pytest.config.Config object at 0x7f5f0d19bb90>
            finish pytest_ignore_collect --> False [hook]
            pytest_collect_file [hook]
                path: /home/ggaloys/dev/aswf-docker/azure-pipelines.yml
                parent: <Session aswf-docker exitstatus=<ExitCode.OK: 0> testsfailed=0 testscollected=0>
            finish pytest_collect_file --> [] [hook]
            pytest_ignore_collect [hook]
                path: /home/ggaloys/dev/aswf-docker/download-package.sh
                config: <_pytest.config.Config object at 0x7f5f0d19bb90>
            finish pytest_ignore_collect --> False [hook]
            pytest_collect_file [hook]
                path: /home/ggaloys/dev/aswf-docker/download-package.sh
                parent: <Session aswf-docker exitstatus=<ExitCode.OK: 0> testsfailed=0 testscollected=0>
            finish pytest_collect_file --> [] [hook]
            pytest_ignore_collect [hook]
                path: /home/ggaloys/dev/aswf-docker/pytestdebug.log
                config: <_pytest.config.Config object at 0x7f5f0d19bb90>
            finish pytest_ignore_collect --> False [hook]
            pytest_collect_file [hook]
                path: /home/ggaloys/dev/aswf-docker/pytestdebug.log
                parent: <Session aswf-docker exitstatus=<ExitCode.OK: 0> testsfailed=0 testscollected=0>
            finish pytest_collect_file --> [] [hook]
            pytest_ignore_collect [hook]
                path: /home/ggaloys/dev/aswf-docker/ci-base/Dockerfile
                config: <_pytest.config.Config object at 0x7f5f0d19bb90>
            finish pytest_ignore_collect --> False [hook]
            pytest_collect_file [hook]
                path: /home/ggaloys/dev/aswf-docker/ci-base/Dockerfile
                parent: <Session aswf-docker exitstatus=<ExitCode.OK: 0> testsfailed=0 testscollected=0>
            finish pytest_collect_file --> [] [hook]
            pytest_ignore_collect [hook]
                path: /home/ggaloys/dev/aswf-docker/ci-baseqt/Dockerfile
                config: <_pytest.config.Config object at 0x7f5f0d19bb90>
            finish pytest_ignore_collect --> False [hook]
            pytest_collect_file [hook]
                path: /home/ggaloys/dev/aswf-docker/ci-baseqt/Dockerfile
                parent: <Session aswf-docker exitstatus=<ExitCode.OK: 0> testsfailed=0 testscollected=0>
            finish pytest_collect_file --> [] [hook]
            pytest_ignore_collect [hook]
                path: /home/ggaloys/dev/aswf-docker/ci-common/Dockerfile
                config: <_pytest.config.Config object at 0x7f5f0d19bb90>
            finish pytest_ignore_collect --> False [hook]
            pytest_collect_file [hook]
                path: /home/ggaloys/dev/aswf-docker/ci-common/Dockerfile
                parent: <Session aswf-docker exitstatus=<ExitCode.OK: 0> testsfailed=0 testscollected=0>
            finish pytest_collect_file --> [] [hook]
            pytest_ignore_collect [hook]
                path: /home/ggaloys/dev/aswf-docker/ci-ocio/Dockerfile
                config: <_pytest.config.Config object at 0x7f5f0d19bb90>
            finish pytest_ignore_collect --> False [hook]
            pytest_collect_file [hook]
                path: /home/ggaloys/dev/aswf-docker/ci-ocio/Dockerfile
                parent: <Session aswf-docker exitstatus=<ExitCode.OK: 0> testsfailed=0 testscollected=0>
            finish pytest_collect_file --> [] [hook]
            pytest_ignore_collect [hook]
                path: /home/ggaloys/dev/aswf-docker/ci-opencue/Dockerfile
                config: <_pytest.config.Config object at 0x7f5f0d19bb90>
            finish pytest_ignore_collect --> False [hook]
            pytest_collect_file [hook]
                path: /home/ggaloys/dev/aswf-docker/ci-opencue/Dockerfile
                parent: <Session aswf-docker exitstatus=<ExitCode.OK: 0> testsfailed=0 testscollected=0>
            finish pytest_collect_file --> [] [hook]
            pytest_ignore_collect [hook]
                path: /home/ggaloys/dev/aswf-docker/ci-openexr/Dockerfile
                config: <_pytest.config.Config object at 0x7f5f0d19bb90>
            finish pytest_ignore_collect --> False [hook]
            pytest_collect_file [hook]
                path: /home/ggaloys/dev/aswf-docker/ci-openexr/Dockerfile
                parent: <Session aswf-docker exitstatus=<ExitCode.OK: 0> testsfailed=0 testscollected=0>
            finish pytest_collect_file --> [] [hook]
            pytest_ignore_collect [hook]
                path: /home/ggaloys/dev/aswf-docker/ci-openvdb/Dockerfile
                config: <_pytest.config.Config object at 0x7f5f0d19bb90>
            finish pytest_ignore_collect --> False [hook]
            pytest_collect_file [hook]
                path: /home/ggaloys/dev/aswf-docker/ci-openvdb/Dockerfile
                parent: <Session aswf-docker exitstatus=<ExitCode.OK: 0> testsfailed=0 testscollected=0>
            finish pytest_collect_file --> [] [hook]
            pytest_ignore_collect [hook]
                path: /home/ggaloys/dev/aswf-docker/ci-usd/Dockerfile
                config: <_pytest.config.Config object at 0x7f5f0d19bb90>
            finish pytest_ignore_collect --> False [hook]
            pytest_collect_file [hook]
                path: /home/ggaloys/dev/aswf-docker/ci-usd/Dockerfile
                parent: <Session aswf-docker exitstatus=<ExitCode.OK: 0> testsfailed=0 testscollected=0>
            finish pytest_collect_file --> [] [hook]
            pytest_ignore_collect [hook]
                path: /home/ggaloys/dev/aswf-docker/ci-vfxall/Dockerfile
                config: <_pytest.config.Config object at 0x7f5f0d19bb90>
            finish pytest_ignore_collect --> False [hook]
            pytest_collect_file [hook]
                path: /home/ggaloys/dev/aswf-docker/ci-vfxall/Dockerfile
                parent: <Session aswf-docker exitstatus=<ExitCode.OK: 0> testsfailed=0 testscollected=0>
            finish pytest_collect_file --> [] [hook]
            pytest_ignore_collect [hook]
                path: /home/ggaloys/dev/aswf-docker/packages/Dockerfile
                config: <_pytest.config.Config object at 0x7f5f0d19bb90>
            finish pytest_ignore_collect --> False [hook]
            pytest_collect_file [hook]
                path: /home/ggaloys/dev/aswf-docker/packages/Dockerfile
                parent: <Session aswf-docker exitstatus=<ExitCode.OK: 0> testsfailed=0 testscollected=0>
            finish pytest_collect_file --> [] [hook]
            pytest_ignore_collect [hook]
                path: /home/ggaloys/dev/aswf-docker/python/build
                config: <_pytest.config.Config object at 0x7f5f0d19bb90>
            finish pytest_ignore_collect --> False [hook]
            pytest_ignore_collect [hook]
                path: /home/ggaloys/dev/aswf-docker/python/dist
                config: <_pytest.config.Config object at 0x7f5f0d19bb90>
            finish pytest_ignore_collect --> False [hook]
            pytest_ignore_collect [hook]
                path: /home/ggaloys/dev/aswf-docker/python/.pytest_cache
                config: <_pytest.config.Config object at 0x7f5f0d19bb90>
            finish pytest_ignore_collect --> False [hook]
            pytest_ignore_collect [hook]
                path: /home/ggaloys/dev/aswf-docker/python/.mypy_cache
                config: <_pytest.config.Config object at 0x7f5f0d19bb90>
            finish pytest_ignore_collect --> False [hook]
            pytest_ignore_collect [hook]
                path: /home/ggaloys/dev/aswf-docker/python/aswfdocker.egg-info
                config: <_pytest.config.Config object at 0x7f5f0d19bb90>
            finish pytest_ignore_collect --> False [hook]
            pytest_collect_directory [hook]
                path: /home/ggaloys/dev/aswf-docker/python/aswfdocker.egg-info
                parent: <Session aswf-docker exitstatus=<ExitCode.OK: 0> testsfailed=0 testscollected=0>
            finish pytest_collect_directory --> None [hook]
            pytest_ignore_collect [hook]
                path: /home/ggaloys/dev/aswf-docker/python/aswfdocker
                config: <_pytest.config.Config object at 0x7f5f0d19bb90>
            finish pytest_ignore_collect --> False [hook]
            pytest_collect_directory [hook]
                path: /home/ggaloys/dev/aswf-docker/python/aswfdocker
                parent: <Session aswf-docker exitstatus=<ExitCode.OK: 0> testsfailed=0 testscollected=0>
            finish pytest_collect_directory --> None [hook]
            pytest_ignore_collect [hook]
                path: /home/ggaloys/dev/aswf-docker/python/Pipfile
                config: <_pytest.config.Config object at 0x7f5f0d19bb90>
            finish pytest_ignore_collect --> False [hook]
            pytest_collect_file [hook]
                path: /home/ggaloys/dev/aswf-docker/python/Pipfile
                parent: <Session aswf-docker exitstatus=<ExitCode.OK: 0> testsfailed=0 testscollected=0>
            finish pytest_collect_file --> [] [hook]
            pytest_ignore_collect [hook]
                path: /home/ggaloys/dev/aswf-docker/python/Pipfile.lock
                config: <_pytest.config.Config object at 0x7f5f0d19bb90>
            finish pytest_ignore_collect --> False [hook]
            pytest_collect_file [hook]
                path: /home/ggaloys/dev/aswf-docker/python/Pipfile.lock
                parent: <Session aswf-docker exitstatus=<ExitCode.OK: 0> testsfailed=0 testscollected=0>
            finish pytest_collect_file --> [] [hook]
            pytest_ignore_collect [hook]
                path: /home/ggaloys/dev/aswf-docker/python/README.md
                config: <_pytest.config.Config object at 0x7f5f0d19bb90>
            finish pytest_ignore_collect --> False [hook]
            pytest_collect_file [hook]
                path: /home/ggaloys/dev/aswf-docker/python/README.md
                parent: <Session aswf-docker exitstatus=<ExitCode.OK: 0> testsfailed=0 testscollected=0>
            finish pytest_collect_file --> [] [hook]
            pytest_ignore_collect [hook]
                path: /home/ggaloys/dev/aswf-docker/python/setup.py
                config: <_pytest.config.Config object at 0x7f5f0d19bb90>
            finish pytest_ignore_collect --> False [hook]
            pytest_collect_file [hook]
                path: /home/ggaloys/dev/aswf-docker/python/setup.py
                parent: <Session aswf-docker exitstatus=<ExitCode.OK: 0> testsfailed=0 testscollected=0>
            finish pytest_collect_file --> [] [hook]
            pytest_ignore_collect [hook]
                path: /home/ggaloys/dev/aswf-docker/python/aswfdocker/cli
                config: <_pytest.config.Config object at 0x7f5f0d19bb90>
            finish pytest_ignore_collect --> False [hook]
            pytest_collect_directory [hook]
                path: /home/ggaloys/dev/aswf-docker/python/aswfdocker/cli
                parent: <Session aswf-docker exitstatus=<ExitCode.OK: 0> testsfailed=0 testscollected=0>
            finish pytest_collect_directory --> None [hook]
            pytest_ignore_collect [hook]
                path: /home/ggaloys/dev/aswf-docker/python/aswfdocker/tests
                config: <_pytest.config.Config object at 0x7f5f0d19bb90>
            finish pytest_ignore_collect --> False [hook]
            pytest_collect_directory [hook]
                path: /home/ggaloys/dev/aswf-docker/python/aswfdocker/tests
                parent: <Session aswf-docker exitstatus=<ExitCode.OK: 0> testsfailed=0 testscollected=0>
            finish pytest_collect_directory --> None [hook]
            pytest_ignore_collect [hook]
                path: /home/ggaloys/dev/aswf-docker/python/aswfdocker/__init__.py
                config: <_pytest.config.Config object at 0x7f5f0d19bb90>
            finish pytest_ignore_collect --> False [hook]
            pytest_collect_file [hook]
                path: /home/ggaloys/dev/aswf-docker/python/aswfdocker/__init__.py
                parent: <Session aswf-docker exitstatus=<ExitCode.OK: 0> testsfailed=0 testscollected=0>
              pytest_pycollect_makemodule [hook]
                  path: /home/ggaloys/dev/aswf-docker/python/aswfdocker/__init__.py
                  parent: <Session aswf-docker exitstatus=<ExitCode.OK: 0> testsfailed=0 testscollected=0>
              finish pytest_pycollect_makemodule --> <Package /home/ggaloys/dev/aswf-docker/python/aswfdocker> [hook]
            finish pytest_collect_file --> [<Package /home/ggaloys/dev/aswf-docker/python/aswfdocker>] [hook]
            pytest_ignore_collect [hook]
                path: /home/ggaloys/dev/aswf-docker/python/aswfdocker/cli/__init__.py
                config: <_pytest.config.Config object at 0x7f5f0d19bb90>
            finish pytest_ignore_collect --> False [hook]
            pytest_collect_file [hook]
                path: /home/ggaloys/dev/aswf-docker/python/aswfdocker/cli/__init__.py
                parent: <Session aswf-docker exitstatus=<ExitCode.OK: 0> testsfailed=0 testscollected=0>
              pytest_pycollect_makemodule [hook]
                  path: /home/ggaloys/dev/aswf-docker/python/aswfdocker/cli/__init__.py
                  parent: <Session aswf-docker exitstatus=<ExitCode.OK: 0> testsfailed=0 testscollected=0>
              finish pytest_pycollect_makemodule --> <Package /home/ggaloys/dev/aswf-docker/python/aswfdocker/cli> [hook]
            finish pytest_collect_file --> [<Package /home/ggaloys/dev/aswf-docker/python/aswfdocker/cli>] [hook]
            pytest_ignore_collect [hook]
                path: /home/ggaloys/dev/aswf-docker/python/aswfdocker/tests/__init__.py
                config: <_pytest.config.Config object at 0x7f5f0d19bb90>
            finish pytest_ignore_collect --> False [hook]
            pytest_collect_file [hook]
                path: /home/ggaloys/dev/aswf-docker/python/aswfdocker/tests/__init__.py
                parent: <Session aswf-docker exitstatus=<ExitCode.OK: 0> testsfailed=0 testscollected=0>
              pytest_pycollect_makemodule [hook]
                  path: /home/ggaloys/dev/aswf-docker/python/aswfdocker/tests/__init__.py
                  parent: <Session aswf-docker exitstatus=<ExitCode.OK: 0> testsfailed=0 testscollected=0>
              finish pytest_pycollect_makemodule --> <Package /home/ggaloys/dev/aswf-docker/python/aswfdocker/tests> [hook]
            finish pytest_collect_file --> [<Package /home/ggaloys/dev/aswf-docker/python/aswfdocker/tests>] [hook]
            pytest_ignore_collect [hook]
                path: /home/ggaloys/dev/aswf-docker/python/aswfdocker.egg-info/PKG-INFO
                config: <_pytest.config.Config object at 0x7f5f0d19bb90>
            finish pytest_ignore_collect --> False [hook]
            pytest_collect_file [hook]
                path: /home/ggaloys/dev/aswf-docker/python/aswfdocker.egg-info/PKG-INFO
                parent: <Session aswf-docker exitstatus=<ExitCode.OK: 0> testsfailed=0 testscollected=0>
            finish pytest_collect_file --> [] [hook]
            pytest_ignore_collect [hook]
                path: /home/ggaloys/dev/aswf-docker/python/aswfdocker.egg-info/SOURCES.txt
                config: <_pytest.config.Config object at 0x7f5f0d19bb90>
            finish pytest_ignore_collect --> False [hook]
            pytest_collect_file [hook]
                path: /home/ggaloys/dev/aswf-docker/python/aswfdocker.egg-info/SOURCES.txt
                parent: <Session aswf-docker exitstatus=<ExitCode.OK: 0> testsfailed=0 testscollected=0>
            finish pytest_collect_file --> [] [hook]
            pytest_ignore_collect [hook]
                path: /home/ggaloys/dev/aswf-docker/python/aswfdocker.egg-info/dependency_links.txt
                config: <_pytest.config.Config object at 0x7f5f0d19bb90>
            finish pytest_ignore_collect --> False [hook]
            pytest_collect_file [hook]
                path: /home/ggaloys/dev/aswf-docker/python/aswfdocker.egg-info/dependency_links.txt
                parent: <Session aswf-docker exitstatus=<ExitCode.OK: 0> testsfailed=0 testscollected=0>
            finish pytest_collect_file --> [] [hook]
            pytest_ignore_collect [hook]
                path: /home/ggaloys/dev/aswf-docker/python/aswfdocker.egg-info/entry_points.txt
                config: <_pytest.config.Config object at 0x7f5f0d19bb90>
            finish pytest_ignore_collect --> False [hook]
            pytest_collect_file [hook]
                path: /home/ggaloys/dev/aswf-docker/python/aswfdocker.egg-info/entry_points.txt
                parent: <Session aswf-docker exitstatus=<ExitCode.OK: 0> testsfailed=0 testscollected=0>
            finish pytest_collect_file --> [] [hook]
            pytest_ignore_collect [hook]
                path: /home/ggaloys/dev/aswf-docker/python/aswfdocker.egg-info/requires.txt
                config: <_pytest.config.Config object at 0x7f5f0d19bb90>
            finish pytest_ignore_collect --> False [hook]
            pytest_collect_file [hook]
                path: /home/ggaloys/dev/aswf-docker/python/aswfdocker.egg-info/requires.txt
                parent: <Session aswf-docker exitstatus=<ExitCode.OK: 0> testsfailed=0 testscollected=0>
            finish pytest_collect_file --> [] [hook]
            pytest_ignore_collect [hook]
                path: /home/ggaloys/dev/aswf-docker/python/aswfdocker.egg-info/top_level.txt
                config: <_pytest.config.Config object at 0x7f5f0d19bb90>
            finish pytest_ignore_collect --> False [hook]
            pytest_collect_file [hook]
                path: /home/ggaloys/dev/aswf-docker/python/aswfdocker.egg-info/top_level.txt
                parent: <Session aswf-docker exitstatus=<ExitCode.OK: 0> testsfailed=0 testscollected=0>
            finish pytest_collect_file --> [] [hook]
            pytest_ignore_collect [hook]
                path: /home/ggaloys/dev/aswf-docker/scripts/common
                config: <_pytest.config.Config object at 0x7f5f0d19bb90>
            finish pytest_ignore_collect --> False [hook]
            pytest_collect_directory [hook]
                path: /home/ggaloys/dev/aswf-docker/scripts/common
                parent: <Session aswf-docker exitstatus=<ExitCode.OK: 0> testsfailed=0 testscollected=0>
            finish pytest_collect_directory --> None [hook]
            pytest_ignore_collect [hook]
                path: /home/ggaloys/dev/aswf-docker/scripts/vfx
                config: <_pytest.config.Config object at 0x7f5f0d19bb90>
            finish pytest_ignore_collect --> False [hook]
            pytest_collect_directory [hook]
                path: /home/ggaloys/dev/aswf-docker/scripts/vfx
                parent: <Session aswf-docker exitstatus=<ExitCode.OK: 0> testsfailed=0 testscollected=0>
            finish pytest_collect_directory --> None [hook]
            pytest_ignore_collect [hook]
                path: /home/ggaloys/dev/aswf-docker/scripts/base
                config: <_pytest.config.Config object at 0x7f5f0d19bb90>
            finish pytest_ignore_collect --> False [hook]
            pytest_collect_directory [hook]
                path: /home/ggaloys/dev/aswf-docker/scripts/base
                parent: <Session aswf-docker exitstatus=<ExitCode.OK: 0> testsfailed=0 testscollected=0>
            finish pytest_collect_directory --> None [hook]
            pytest_ignore_collect [hook]
                path: /home/ggaloys/dev/aswf-docker/scripts/1
                config: <_pytest.config.Config object at 0x7f5f0d19bb90>
            finish pytest_ignore_collect --> False [hook]
            pytest_collect_directory [hook]
                path: /home/ggaloys/dev/aswf-docker/scripts/1
                parent: <Session aswf-docker exitstatus=<ExitCode.OK: 0> testsfailed=0 testscollected=0>
            finish pytest_collect_directory --> None [hook]
            pytest_ignore_collect [hook]
                path: /home/ggaloys/dev/aswf-docker/scripts/2018
                config: <_pytest.config.Config object at 0x7f5f0d19bb90>
            finish pytest_ignore_collect --> False [hook]
            pytest_collect_directory [hook]
                path: /home/ggaloys/dev/aswf-docker/scripts/2018
                parent: <Session aswf-docker exitstatus=<ExitCode.OK: 0> testsfailed=0 testscollected=0>
            finish pytest_collect_directory --> None [hook]
            pytest_ignore_collect [hook]
                path: /home/ggaloys/dev/aswf-docker/scripts/2020
                config: <_pytest.config.Config object at 0x7f5f0d19bb90>
            finish pytest_ignore_collect --> False [hook]
            pytest_collect_directory [hook]
                path: /home/ggaloys/dev/aswf-docker/scripts/2020
                parent: <Session aswf-docker exitstatus=<ExitCode.OK: 0> testsfailed=0 testscollected=0>
            finish pytest_collect_directory --> None [hook]
            pytest_ignore_collect [hook]
                path: /home/ggaloys/dev/aswf-docker/scripts/tests
                config: <_pytest.config.Config object at 0x7f5f0d19bb90>
            finish pytest_ignore_collect --> False [hook]
            pytest_collect_directory [hook]
                path: /home/ggaloys/dev/aswf-docker/scripts/tests
                parent: <Session aswf-docker exitstatus=<ExitCode.OK: 0> testsfailed=0 testscollected=0>
            finish pytest_collect_directory --> None [hook]
            pytest_ignore_collect [hook]
                path: /home/ggaloys/dev/aswf-docker/scripts/2019
                config: <_pytest.config.Config object at 0x7f5f0d19bb90>
            finish pytest_ignore_collect --> False [hook]
            pytest_collect_directory [hook]
                path: /home/ggaloys/dev/aswf-docker/scripts/2019
                parent: <Session aswf-docker exitstatus=<ExitCode.OK: 0> testsfailed=0 testscollected=0>
            finish pytest_collect_directory --> None [hook]
            pytest_ignore_collect [hook]
                path: /home/ggaloys/dev/aswf-docker/scripts/1/versions_common.sh
                config: <_pytest.config.Config object at 0x7f5f0d19bb90>
            finish pytest_ignore_collect --> False [hook]
            pytest_collect_file [hook]
                path: /home/ggaloys/dev/aswf-docker/scripts/1/versions_common.sh
                parent: <Session aswf-docker exitstatus=<ExitCode.OK: 0> testsfailed=0 testscollected=0>
            finish pytest_collect_file --> [] [hook]
            pytest_ignore_collect [hook]
                path: /home/ggaloys/dev/aswf-docker/scripts/2018/patchup.sh
                config: <_pytest.config.Config object at 0x7f5f0d19bb90>
            finish pytest_ignore_collect --> False [hook]
            pytest_collect_file [hook]
                path: /home/ggaloys/dev/aswf-docker/scripts/2018/patchup.sh
                parent: <Session aswf-docker exitstatus=<ExitCode.OK: 0> testsfailed=0 testscollected=0>
            finish pytest_collect_file --> [] [hook]
            pytest_ignore_collect [hook]
                path: /home/ggaloys/dev/aswf-docker/scripts/2018/versions_base.sh
                config: <_pytest.config.Config object at 0x7f5f0d19bb90>
            finish pytest_ignore_collect --> False [hook]
            pytest_collect_file [hook]
                path: /home/ggaloys/dev/aswf-docker/scripts/2018/versions_base.sh
                parent: <Session aswf-docker exitstatus=<ExitCode.OK: 0> testsfailed=0 testscollected=0>
            finish pytest_collect_file --> [] [hook]
            pytest_ignore_collect [hook]
                path: /home/ggaloys/dev/aswf-docker/scripts/2018/versions_vfx.sh
                config: <_pytest.config.Config object at 0x7f5f0d19bb90>
            finish pytest_ignore_collect --> False [hook]
            pytest_collect_file [hook]
                path: /home/ggaloys/dev/aswf-docker/scripts/2018/versions_vfx.sh
                parent: <Session aswf-docker exitstatus=<ExitCode.OK: 0> testsfailed=0 testscollected=0>
            finish pytest_collect_file --> [] [hook]
            pytest_ignore_collect [hook]
                path: /home/ggaloys/dev/aswf-docker/scripts/2019/patchup.sh
                config: <_pytest.config.Config object at 0x7f5f0d19bb90>
            finish pytest_ignore_collect --> False [hook]
            pytest_collect_file [hook]
                path: /home/ggaloys/dev/aswf-docker/scripts/2019/patchup.sh
                parent: <Session aswf-docker exitstatus=<ExitCode.OK: 0> testsfailed=0 testscollected=0>
            finish pytest_collect_file --> [] [hook]
            pytest_ignore_collect [hook]
                path: /home/ggaloys/dev/aswf-docker/scripts/2019/versions_base.sh
                config: <_pytest.config.Config object at 0x7f5f0d19bb90>
            finish pytest_ignore_collect --> False [hook]
            pytest_collect_file [hook]
                path: /home/ggaloys/dev/aswf-docker/scripts/2019/versions_base.sh
                parent: <Session aswf-docker exitstatus=<ExitCode.OK: 0> testsfailed=0 testscollected=0>
            finish pytest_collect_file --> [] [hook]
            pytest_ignore_collect [hook]
                path: /home/ggaloys/dev/aswf-docker/scripts/2019/versions_vfx.sh
                config: <_pytest.config.Config object at 0x7f5f0d19bb90>
            finish pytest_ignore_collect --> False [hook]
            pytest_collect_file [hook]
                path: /home/ggaloys/dev/aswf-docker/scripts/2019/versions_vfx.sh
                parent: <Session aswf-docker exitstatus=<ExitCode.OK: 0> testsfailed=0 testscollected=0>
            finish pytest_collect_file --> [] [hook]
            pytest_ignore_collect [hook]
                path: /home/ggaloys/dev/aswf-docker/scripts/2020/patchup.sh
                config: <_pytest.config.Config object at 0x7f5f0d19bb90>
            finish pytest_ignore_collect --> False [hook]
            pytest_collect_file [hook]
                path: /home/ggaloys/dev/aswf-docker/scripts/2020/patchup.sh
                parent: <Session aswf-docker exitstatus=<ExitCode.OK: 0> testsfailed=0 testscollected=0>
            finish pytest_collect_file --> [] [hook]
            pytest_ignore_collect [hook]
                path: /home/ggaloys/dev/aswf-docker/scripts/2020/versions_base.sh
                config: <_pytest.config.Config object at 0x7f5f0d19bb90>
            finish pytest_ignore_collect --> False [hook]
            pytest_collect_file [hook]
                path: /home/ggaloys/dev/aswf-docker/scripts/2020/versions_base.sh
                parent: <Session aswf-docker exitstatus=<ExitCode.OK: 0> testsfailed=0 testscollected=0>
            finish pytest_collect_file --> [] [hook]
            pytest_ignore_collect [hook]
                path: /home/ggaloys/dev/aswf-docker/scripts/2020/versions_vfx.sh
                config: <_pytest.config.Config object at 0x7f5f0d19bb90>
            finish pytest_ignore_collect --> False [hook]
            pytest_collect_file [hook]
                path: /home/ggaloys/dev/aswf-docker/scripts/2020/versions_vfx.sh
                parent: <Session aswf-docker exitstatus=<ExitCode.OK: 0> testsfailed=0 testscollected=0>
            finish pytest_collect_file --> [] [hook]
            pytest_ignore_collect [hook]
                path: /home/ggaloys/dev/aswf-docker/scripts/base/build_boost.sh
                config: <_pytest.config.Config object at 0x7f5f0d19bb90>
            finish pytest_ignore_collect --> False [hook]
            pytest_collect_file [hook]
                path: /home/ggaloys/dev/aswf-docker/scripts/base/build_boost.sh
                parent: <Session aswf-docker exitstatus=<ExitCode.OK: 0> testsfailed=0 testscollected=0>
            finish pytest_collect_file --> [] [hook]
            pytest_ignore_collect [hook]
                path: /home/ggaloys/dev/aswf-docker/scripts/base/build_cppunit.sh
                config: <_pytest.config.Config object at 0x7f5f0d19bb90>
            finish pytest_ignore_collect --> False [hook]
            pytest_collect_file [hook]
                path: /home/ggaloys/dev/aswf-docker/scripts/base/build_cppunit.sh
                parent: <Session aswf-docker exitstatus=<ExitCode.OK: 0> testsfailed=0 testscollected=0>
            finish pytest_collect_file --> [] [hook]
            pytest_ignore_collect [hook]
                path: /home/ggaloys/dev/aswf-docker/scripts/base/build_glew.sh
                config: <_pytest.config.Config object at 0x7f5f0d19bb90>
            finish pytest_ignore_collect --> False [hook]
            pytest_collect_file [hook]
                path: /home/ggaloys/dev/aswf-docker/scripts/base/build_glew.sh
                parent: <Session aswf-docker exitstatus=<ExitCode.OK: 0> testsfailed=0 testscollected=0>
            finish pytest_collect_file --> [] [hook]
            pytest_ignore_collect [hook]
                path: /home/ggaloys/dev/aswf-docker/scripts/base/build_glfw.sh
                config: <_pytest.config.Config object at 0x7f5f0d19bb90>
            finish pytest_ignore_collect --> False [hook]
            pytest_collect_file [hook]
                path: /home/ggaloys/dev/aswf-docker/scripts/base/build_glfw.sh
                parent: <Session aswf-docker exitstatus=<ExitCode.OK: 0> testsfailed=0 testscollected=0>
            finish pytest_collect_file --> [] [hook]
            pytest_ignore_collect [hook]
                path: /home/ggaloys/dev/aswf-docker/scripts/base/build_log4cplus.sh
                config: <_pytest.config.Config object at 0x7f5f0d19bb90>
            finish pytest_ignore_collect --> False [hook]
            pytest_collect_file [hook]
                path: /home/ggaloys/dev/aswf-docker/scripts/base/build_log4cplus.sh
                parent: <Session aswf-docker exitstatus=<ExitCode.OK: 0> testsfailed=0 testscollected=0>
            finish pytest_collect_file --> [] [hook]
            pytest_ignore_collect [hook]
                path: /home/ggaloys/dev/aswf-docker/scripts/base/build_pyside.sh
                config: <_pytest.config.Config object at 0x7f5f0d19bb90>
            finish pytest_ignore_collect --> False [hook]
            pytest_collect_file [hook]
                path: /home/ggaloys/dev/aswf-docker/scripts/base/build_pyside.sh
                parent: <Session aswf-docker exitstatus=<ExitCode.OK: 0> testsfailed=0 testscollected=0>
            finish pytest_collect_file --> [] [hook]
            pytest_ignore_collect [hook]
                path: /home/ggaloys/dev/aswf-docker/scripts/base/build_python.sh
                config: <_pytest.config.Config object at 0x7f5f0d19bb90>
            finish pytest_ignore_collect --> False [hook]
            pytest_collect_file [hook]
                path: /home/ggaloys/dev/aswf-docker/scripts/base/build_python.sh
                parent: <Session aswf-docker exitstatus=<ExitCode.OK: 0> testsfailed=0 testscollected=0>
            finish pytest_collect_file --> [] [hook]
            pytest_ignore_collect [hook]
                path: /home/ggaloys/dev/aswf-docker/scripts/base/build_qt.sh
                config: <_pytest.config.Config object at 0x7f5f0d19bb90>
            finish pytest_ignore_collect --> False [hook]
            pytest_collect_file [hook]
                path: /home/ggaloys/dev/aswf-docker/scripts/base/build_qt.sh
                parent: <Session aswf-docker exitstatus=<ExitCode.OK: 0> testsfailed=0 testscollected=0>
            finish pytest_collect_file --> [] [hook]
            pytest_ignore_collect [hook]
                path: /home/ggaloys/dev/aswf-docker/scripts/base/build_tbb.sh
                config: <_pytest.config.Config object at 0x7f5f0d19bb90>
            finish pytest_ignore_collect --> False [hook]
            pytest_collect_file [hook]
                path: /home/ggaloys/dev/aswf-docker/scripts/base/build_tbb.sh
                parent: <Session aswf-docker exitstatus=<ExitCode.OK: 0> testsfailed=0 testscollected=0>
            finish pytest_collect_file --> [] [hook]
            pytest_ignore_collect [hook]
                path: /home/ggaloys/dev/aswf-docker/scripts/base/install_cmake.sh
                config: <_pytest.config.Config object at 0x7f5f0d19bb90>
            finish pytest_ignore_collect --> False [hook]
            pytest_collect_file [hook]
                path: /home/ggaloys/dev/aswf-docker/scripts/base/install_cmake.sh
                parent: <Session aswf-docker exitstatus=<ExitCode.OK: 0> testsfailed=0 testscollected=0>
            finish pytest_collect_file --> [] [hook]
            pytest_ignore_collect [hook]
                path: /home/ggaloys/dev/aswf-docker/scripts/common/before_build.sh
                config: <_pytest.config.Config object at 0x7f5f0d19bb90>
            finish pytest_ignore_collect --> False [hook]
            pytest_collect_file [hook]
                path: /home/ggaloys/dev/aswf-docker/scripts/common/before_build.sh
                parent: <Session aswf-docker exitstatus=<ExitCode.OK: 0> testsfailed=0 testscollected=0>
            finish pytest_collect_file --> [] [hook]
            pytest_ignore_collect [hook]
                path: /home/ggaloys/dev/aswf-docker/scripts/common/build_clang.sh
                config: <_pytest.config.Config object at 0x7f5f0d19bb90>
            finish pytest_ignore_collect --> False [hook]
            pytest_collect_file [hook]
                path: /home/ggaloys/dev/aswf-docker/scripts/common/build_clang.sh
                parent: <Session aswf-docker exitstatus=<ExitCode.OK: 0> testsfailed=0 testscollected=0>
            finish pytest_collect_file --> [] [hook]
            pytest_ignore_collect [hook]
                path: /home/ggaloys/dev/aswf-docker/scripts/common/copy_new_files.sh
                config: <_pytest.config.Config object at 0x7f5f0d19bb90>
            finish pytest_ignore_collect --> False [hook]
            pytest_collect_file [hook]
                path: /home/ggaloys/dev/aswf-docker/scripts/common/copy_new_files.sh
                parent: <Session aswf-docker exitstatus=<ExitCode.OK: 0> testsfailed=0 testscollected=0>
            finish pytest_collect_file --> [] [hook]
            pytest_ignore_collect [hook]
                path: /home/ggaloys/dev/aswf-docker/scripts/common/install_ccache.sh
                config: <_pytest.config.Config object at 0x7f5f0d19bb90>
            finish pytest_ignore_collect --> False [hook]
            pytest_collect_file [hook]
                path: /home/ggaloys/dev/aswf-docker/scripts/common/install_ccache.sh
                parent: <Session aswf-docker exitstatus=<ExitCode.OK: 0> testsfailed=0 testscollected=0>
            finish pytest_collect_file --> [] [hook]
            pytest_ignore_collect [hook]
                path: /home/ggaloys/dev/aswf-docker/scripts/common/install_dev_ccache.sh
                config: <_pytest.config.Config object at 0x7f5f0d19bb90>
            finish pytest_ignore_collect --> False [hook]
            pytest_collect_file [hook]
                path: /home/ggaloys/dev/aswf-docker/scripts/common/install_dev_ccache.sh
                parent: <Session aswf-docker exitstatus=<ExitCode.OK: 0> testsfailed=0 testscollected=0>
            finish pytest_collect_file --> [] [hook]
            pytest_ignore_collect [hook]
                path: /home/ggaloys/dev/aswf-docker/scripts/common/install_dev_cmake.sh
                config: <_pytest.config.Config object at 0x7f5f0d19bb90>
            finish pytest_ignore_collect --> False [hook]
            pytest_collect_file [hook]
                path: /home/ggaloys/dev/aswf-docker/scripts/common/install_dev_cmake.sh
                parent: <Session aswf-docker exitstatus=<ExitCode.OK: 0> testsfailed=0 testscollected=0>
            finish pytest_collect_file --> [] [hook]
            pytest_ignore_collect [hook]
                path: /home/ggaloys/dev/aswf-docker/scripts/common/install_ninja.sh
                config: <_pytest.config.Config object at 0x7f5f0d19bb90>
            finish pytest_ignore_collect --> False [hook]
            pytest_collect_file [hook]
                path: /home/ggaloys/dev/aswf-docker/scripts/common/install_ninja.sh
                parent: <Session aswf-docker exitstatus=<ExitCode.OK: 0> testsfailed=0 testscollected=0>
            finish pytest_collect_file --> [] [hook]
            pytest_ignore_collect [hook]
                path: /home/ggaloys/dev/aswf-docker/scripts/common/install_sonar.sh
                config: <_pytest.config.Config object at 0x7f5f0d19bb90>
            finish pytest_ignore_collect --> False [hook]
            pytest_collect_file [hook]
                path: /home/ggaloys/dev/aswf-docker/scripts/common/install_sonar.sh
                parent: <Session aswf-docker exitstatus=<ExitCode.OK: 0> testsfailed=0 testscollected=0>
            finish pytest_collect_file --> [] [hook]
            pytest_ignore_collect [hook]
                path: /home/ggaloys/dev/aswf-docker/scripts/common/install_yumpackages.sh
                config: <_pytest.config.Config object at 0x7f5f0d19bb90>
            finish pytest_ignore_collect --> False [hook]
            pytest_collect_file [hook]
                path: /home/ggaloys/dev/aswf-docker/scripts/common/install_yumpackages.sh
                parent: <Session aswf-docker exitstatus=<ExitCode.OK: 0> testsfailed=0 testscollected=0>
            finish pytest_collect_file --> [] [hook]
            pytest_ignore_collect [hook]
                path: /home/ggaloys/dev/aswf-docker/scripts/tests/1
                config: <_pytest.config.Config object at 0x7f5f0d19bb90>
            finish pytest_ignore_collect --> False [hook]
            pytest_collect_directory [hook]
                path: /home/ggaloys/dev/aswf-docker/scripts/tests/1
                parent: <Session aswf-docker exitstatus=<ExitCode.OK: 0> testsfailed=0 testscollected=0>
            finish pytest_collect_directory --> None [hook]
            pytest_ignore_collect [hook]
                path: /home/ggaloys/dev/aswf-docker/scripts/tests/2018
                config: <_pytest.config.Config object at 0x7f5f0d19bb90>
            finish pytest_ignore_collect --> False [hook]
            pytest_collect_directory [hook]
                path: /home/ggaloys/dev/aswf-docker/scripts/tests/2018
                parent: <Session aswf-docker exitstatus=<ExitCode.OK: 0> testsfailed=0 testscollected=0>
            finish pytest_collect_directory --> None [hook]
            pytest_ignore_collect [hook]
                path: /home/ggaloys/dev/aswf-docker/scripts/tests/2020
                config: <_pytest.config.Config object at 0x7f5f0d19bb90>
            finish pytest_ignore_collect --> False [hook]
            pytest_collect_directory [hook]
                path: /home/ggaloys/dev/aswf-docker/scripts/tests/2020
                parent: <Session aswf-docker exitstatus=<ExitCode.OK: 0> testsfailed=0 testscollected=0>
            finish pytest_collect_directory --> None [hook]
            pytest_ignore_collect [hook]
                path: /home/ggaloys/dev/aswf-docker/scripts/tests/2019
                config: <_pytest.config.Config object at 0x7f5f0d19bb90>
            finish pytest_ignore_collect --> False [hook]
            pytest_collect_directory [hook]
                path: /home/ggaloys/dev/aswf-docker/scripts/tests/2019
                parent: <Session aswf-docker exitstatus=<ExitCode.OK: 0> testsfailed=0 testscollected=0>
            finish pytest_collect_directory --> None [hook]
            pytest_ignore_collect [hook]
                path: /home/ggaloys/dev/aswf-docker/scripts/tests/1/test_common.sh
                config: <_pytest.config.Config object at 0x7f5f0d19bb90>
            finish pytest_ignore_collect --> False [hook]
            pytest_collect_file [hook]
                path: /home/ggaloys/dev/aswf-docker/scripts/tests/1/test_common.sh
                parent: <Session aswf-docker exitstatus=<ExitCode.OK: 0> testsfailed=0 testscollected=0>
            finish pytest_collect_file --> [] [hook]
            pytest_ignore_collect [hook]
                path: /home/ggaloys/dev/aswf-docker/scripts/tests/2018/test_base.sh
                config: <_pytest.config.Config object at 0x7f5f0d19bb90>
            finish pytest_ignore_collect --> False [hook]
            pytest_collect_file [hook]
                path: /home/ggaloys/dev/aswf-docker/scripts/tests/2018/test_base.sh
                parent: <Session aswf-docker exitstatus=<ExitCode.OK: 0> testsfailed=0 testscollected=0>
            finish pytest_collect_file --> [] [hook]
            pytest_ignore_collect [hook]
                path: /home/ggaloys/dev/aswf-docker/scripts/tests/2018/test_openvdb.sh
                config: <_pytest.config.Config object at 0x7f5f0d19bb90>
            finish pytest_ignore_collect --> False [hook]
            pytest_collect_file [hook]
                path: /home/ggaloys/dev/aswf-docker/scripts/tests/2018/test_openvdb.sh
                parent: <Session aswf-docker exitstatus=<ExitCode.OK: 0> testsfailed=0 testscollected=0>
            finish pytest_collect_file --> [] [hook]
            pytest_ignore_collect [hook]
                path: /home/ggaloys/dev/aswf-docker/scripts/tests/2019/test_base.sh
                config: <_pytest.config.Config object at 0x7f5f0d19bb90>
            finish pytest_ignore_collect --> False [hook]
            pytest_collect_file [hook]
                path: /home/ggaloys/dev/aswf-docker/scripts/tests/2019/test_base.sh
                parent: <Session aswf-docker exitstatus=<ExitCode.OK: 0> testsfailed=0 testscollected=0>
            finish pytest_collect_file --> [] [hook]
            pytest_ignore_collect [hook]
                path: /home/ggaloys/dev/aswf-docker/scripts/tests/2019/test_openvdb.sh
                config: <_pytest.config.Config object at 0x7f5f0d19bb90>
            finish pytest_ignore_collect --> False [hook]
            pytest_collect_file [hook]
                path: /home/ggaloys/dev/aswf-docker/scripts/tests/2019/test_openvdb.sh
                parent: <Session aswf-docker exitstatus=<ExitCode.OK: 0> testsfailed=0 testscollected=0>
            finish pytest_collect_file --> [] [hook]
            pytest_ignore_collect [hook]
                path: /home/ggaloys/dev/aswf-docker/scripts/tests/2020/test_base.sh
                config: <_pytest.config.Config object at 0x7f5f0d19bb90>
            finish pytest_ignore_collect --> False [hook]
            pytest_collect_file [hook]
                path: /home/ggaloys/dev/aswf-docker/scripts/tests/2020/test_base.sh
                parent: <Session aswf-docker exitstatus=<ExitCode.OK: 0> testsfailed=0 testscollected=0>
            finish pytest_collect_file --> [] [hook]
            pytest_ignore_collect [hook]
                path: /home/ggaloys/dev/aswf-docker/scripts/vfx/build_alembic.sh
                config: <_pytest.config.Config object at 0x7f5f0d19bb90>
            finish pytest_ignore_collect --> False [hook]
            pytest_collect_file [hook]
                path: /home/ggaloys/dev/aswf-docker/scripts/vfx/build_alembic.sh
                parent: <Session aswf-docker exitstatus=<ExitCode.OK: 0> testsfailed=0 testscollected=0>
            finish pytest_collect_file --> [] [hook]
            pytest_ignore_collect [hook]
                path: /home/ggaloys/dev/aswf-docker/scripts/vfx/build_blosc.sh
                config: <_pytest.config.Config object at 0x7f5f0d19bb90>
            finish pytest_ignore_collect --> False [hook]
            pytest_collect_file [hook]
                path: /home/ggaloys/dev/aswf-docker/scripts/vfx/build_blosc.sh
                parent: <Session aswf-docker exitstatus=<ExitCode.OK: 0> testsfailed=0 testscollected=0>
            finish pytest_collect_file --> [] [hook]
            pytest_ignore_collect [hook]
                path: /home/ggaloys/dev/aswf-docker/scripts/vfx/build_ocio.sh
                config: <_pytest.config.Config object at 0x7f5f0d19bb90>
            finish pytest_ignore_collect --> False [hook]
            pytest_collect_file [hook]
                path: /home/ggaloys/dev/aswf-docker/scripts/vfx/build_ocio.sh
                parent: <Session aswf-docker exitstatus=<ExitCode.OK: 0> testsfailed=0 testscollected=0>
            finish pytest_collect_file --> [] [hook]
            pytest_ignore_collect [hook]
                path: /home/ggaloys/dev/aswf-docker/scripts/vfx/build_oiio.sh
                config: <_pytest.config.Config object at 0x7f5f0d19bb90>
            finish pytest_ignore_collect --> False [hook]
            pytest_collect_file [hook]
                path: /home/ggaloys/dev/aswf-docker/scripts/vfx/build_oiio.sh
                parent: <Session aswf-docker exitstatus=<ExitCode.OK: 0> testsfailed=0 testscollected=0>
            finish pytest_collect_file --> [] [hook]
            pytest_ignore_collect [hook]
                path: /home/ggaloys/dev/aswf-docker/scripts/vfx/build_openexr.sh
                config: <_pytest.config.Config object at 0x7f5f0d19bb90>
            finish pytest_ignore_collect --> False [hook]
            pytest_collect_file [hook]
                path: /home/ggaloys/dev/aswf-docker/scripts/vfx/build_openexr.sh
                parent: <Session aswf-docker exitstatus=<ExitCode.OK: 0> testsfailed=0 testscollected=0>
            finish pytest_collect_file --> [] [hook]
            pytest_ignore_collect [hook]
                path: /home/ggaloys/dev/aswf-docker/scripts/vfx/build_opensubdiv.sh
                config: <_pytest.config.Config object at 0x7f5f0d19bb90>
            finish pytest_ignore_collect --> False [hook]
            pytest_collect_file [hook]
                path: /home/ggaloys/dev/aswf-docker/scripts/vfx/build_opensubdiv.sh
                parent: <Session aswf-docker exitstatus=<ExitCode.OK: 0> testsfailed=0 testscollected=0>
            finish pytest_collect_file --> [] [hook]
            pytest_ignore_collect [hook]
                path: /home/ggaloys/dev/aswf-docker/scripts/vfx/build_openvdb.sh
                config: <_pytest.config.Config object at 0x7f5f0d19bb90>
            finish pytest_ignore_collect --> False [hook]
            pytest_collect_file [hook]
                path: /home/ggaloys/dev/aswf-docker/scripts/vfx/build_openvdb.sh
                parent: <Session aswf-docker exitstatus=<ExitCode.OK: 0> testsfailed=0 testscollected=0>
            finish pytest_collect_file --> [] [hook]
            pytest_ignore_collect [hook]
                path: /home/ggaloys/dev/aswf-docker/scripts/vfx/build_ptex.sh
                config: <_pytest.config.Config object at 0x7f5f0d19bb90>
            finish pytest_ignore_collect --> False [hook]
            pytest_collect_file [hook]
                path: /home/ggaloys/dev/aswf-docker/scripts/vfx/build_ptex.sh
                parent: <Session aswf-docker exitstatus=<ExitCode.OK: 0> testsfailed=0 testscollected=0>
            finish pytest_collect_file --> [] [hook]
            pytest_ignore_collect [hook]
                path: /home/ggaloys/dev/aswf-docker/scripts/vfx/build_usd.sh
                config: <_pytest.config.Config object at 0x7f5f0d19bb90>
            finish pytest_ignore_collect --> False [hook]
            pytest_collect_file [hook]
                path: /home/ggaloys/dev/aswf-docker/scripts/vfx/build_usd.sh
                parent: <Session aswf-docker exitstatus=<ExitCode.OK: 0> testsfailed=0 testscollected=0>
            finish pytest_collect_file --> [] [hook]
        finish pytest_make_collect_report --> <CollectReport '' lenresult=3 outcome='passed'> [hook]
        pytest_collectreport [hook]
            report: <CollectReport '' lenresult=3 outcome='passed'>
        finish pytest_collectreport --> [] [hook]
    genitems <Package /home/ggaloys/dev/aswf-docker/python/aswfdocker> [collection]
      pytest_collectstart [hook]
          collector: <Package /home/ggaloys/dev/aswf-docker/python/aswfdocker>
      finish pytest_collectstart --> [] [hook]
      pytest_make_collect_report [hook]
          collector: <Package /home/ggaloys/dev/aswf-docker/python/aswfdocker>
        pytest_ignore_collect [hook]
            path: /home/ggaloys/dev/aswf-docker/python/aswfdocker/cli
            config: <_pytest.config.Config object at 0x7f5f0d19bb90>
        finish pytest_ignore_collect --> False [hook]
        pytest_collect_directory [hook]
            path: /home/ggaloys/dev/aswf-docker/python/aswfdocker/cli
            parent: <Package /home/ggaloys/dev/aswf-docker/python/aswfdocker>
        finish pytest_collect_directory --> None [hook]
        pytest_ignore_collect [hook]
            path: /home/ggaloys/dev/aswf-docker/python/aswfdocker/tests
            config: <_pytest.config.Config object at 0x7f5f0d19bb90>
        finish pytest_ignore_collect --> False [hook]
        pytest_collect_directory [hook]
            path: /home/ggaloys/dev/aswf-docker/python/aswfdocker/tests
            parent: <Package /home/ggaloys/dev/aswf-docker/python/aswfdocker>
        finish pytest_collect_directory --> None [hook]
        pytest_ignore_collect [hook]
            path: /home/ggaloys/dev/aswf-docker/python/aswfdocker/builder.py
            config: <_pytest.config.Config object at 0x7f5f0d19bb90>
        finish pytest_ignore_collect --> False [hook]
        pytest_collect_file [hook]
            path: /home/ggaloys/dev/aswf-docker/python/aswfdocker/builder.py
            parent: <Package /home/ggaloys/dev/aswf-docker/python/aswfdocker>
        finish pytest_collect_file --> [] [hook]
        pytest_ignore_collect [hook]
            path: /home/ggaloys/dev/aswf-docker/python/aswfdocker/buildinfo.py
            config: <_pytest.config.Config object at 0x7f5f0d19bb90>
        finish pytest_ignore_collect --> False [hook]
        pytest_collect_file [hook]
            path: /home/ggaloys/dev/aswf-docker/python/aswfdocker/buildinfo.py
            parent: <Package /home/ggaloys/dev/aswf-docker/python/aswfdocker>
        finish pytest_collect_file --> [] [hook]
        pytest_ignore_collect [hook]
            path: /home/ggaloys/dev/aswf-docker/python/aswfdocker/constants.py
            config: <_pytest.config.Config object at 0x7f5f0d19bb90>
        finish pytest_ignore_collect --> False [hook]
        pytest_collect_file [hook]
            path: /home/ggaloys/dev/aswf-docker/python/aswfdocker/constants.py
            parent: <Package /home/ggaloys/dev/aswf-docker/python/aswfdocker>
        finish pytest_collect_file --> [] [hook]
        pytest_ignore_collect [hook]
            path: /home/ggaloys/dev/aswf-docker/python/aswfdocker/migrater.py
            config: <_pytest.config.Config object at 0x7f5f0d19bb90>
        finish pytest_ignore_collect --> False [hook]
        pytest_collect_file [hook]
            path: /home/ggaloys/dev/aswf-docker/python/aswfdocker/migrater.py
            parent: <Package /home/ggaloys/dev/aswf-docker/python/aswfdocker>
        finish pytest_collect_file --> [] [hook]
        pytest_ignore_collect [hook]
            path: /home/ggaloys/dev/aswf-docker/python/aswfdocker/utils.py
            config: <_pytest.config.Config object at 0x7f5f0d19bb90>
        finish pytest_ignore_collect --> False [hook]
        pytest_collect_file [hook]
            path: /home/ggaloys/dev/aswf-docker/python/aswfdocker/utils.py
            parent: <Package /home/ggaloys/dev/aswf-docker/python/aswfdocker>
        finish pytest_collect_file --> [] [hook]
        pytest_ignore_collect [hook]
            path: /home/ggaloys/dev/aswf-docker/python/aswfdocker/versioninfo.py
            config: <_pytest.config.Config object at 0x7f5f0d19bb90>
        finish pytest_ignore_collect --> False [hook]
        pytest_collect_file [hook]
            path: /home/ggaloys/dev/aswf-docker/python/aswfdocker/versioninfo.py
            parent: <Package /home/ggaloys/dev/aswf-docker/python/aswfdocker>
        finish pytest_collect_file --> [] [hook]
        pytest_ignore_collect [hook]
            path: /home/ggaloys/dev/aswf-docker/python/aswfdocker/cli/__init__.py
            config: <_pytest.config.Config object at 0x7f5f0d19bb90>
        finish pytest_ignore_collect --> False [hook]
        pytest_ignore_collect [hook]
            path: /home/ggaloys/dev/aswf-docker/python/aswfdocker/tests/__init__.py
            config: <_pytest.config.Config object at 0x7f5f0d19bb90>
        finish pytest_ignore_collect --> False [hook]
      finish pytest_make_collect_report --> <CollectReport 'python/aswfdocker/__init__.py' lenresult=0 outcome='passed'> [hook]
      pytest_collectreport [hook]
          report: <CollectReport 'python/aswfdocker/__init__.py' lenresult=0 outcome='passed'>
      finish pytest_collectreport --> [] [hook]
    genitems <Package /home/ggaloys/dev/aswf-docker/python/aswfdocker/cli> [collection]
      pytest_collectstart [hook]
          collector: <Package /home/ggaloys/dev/aswf-docker/python/aswfdocker/cli>
      finish pytest_collectstart --> [] [hook]
      pytest_make_collect_report [hook]
          collector: <Package /home/ggaloys/dev/aswf-docker/python/aswfdocker/cli>
        pytest_ignore_collect [hook]
            path: /home/ggaloys/dev/aswf-docker/python/aswfdocker/cli/aswfdocker.py
            config: <_pytest.config.Config object at 0x7f5f0d19bb90>
        finish pytest_ignore_collect --> False [hook]
        pytest_collect_file [hook]
            path: /home/ggaloys/dev/aswf-docker/python/aswfdocker/cli/aswfdocker.py
            parent: <Package /home/ggaloys/dev/aswf-docker/python/aswfdocker/cli>
        finish pytest_collect_file --> [] [hook]
      finish pytest_make_collect_report --> <CollectReport 'python/aswfdocker/cli/__init__.py' lenresult=0 outcome='passed'> [hook]
      pytest_collectreport [hook]
          report: <CollectReport 'python/aswfdocker/cli/__init__.py' lenresult=0 outcome='passed'>
      finish pytest_collectreport --> [] [hook]
    genitems <Package /home/ggaloys/dev/aswf-docker/python/aswfdocker/tests> [collection]
      pytest_collectstart [hook]
          collector: <Package /home/ggaloys/dev/aswf-docker/python/aswfdocker/tests>
      finish pytest_collectstart --> [] [hook]
      pytest_make_collect_report [hook]
          collector: <Package /home/ggaloys/dev/aswf-docker/python/aswfdocker/tests>
        pytest_ignore_collect [hook]
            path: /home/ggaloys/dev/aswf-docker/python/aswfdocker/tests/test_builder.py
            config: <_pytest.config.Config object at 0x7f5f0d19bb90>
        finish pytest_ignore_collect --> False [hook]
        pytest_collect_file [hook]
            path: /home/ggaloys/dev/aswf-docker/python/aswfdocker/tests/test_builder.py
            parent: <Package /home/ggaloys/dev/aswf-docker/python/aswfdocker/tests>
          pytest_pycollect_makemodule [hook]
              path: /home/ggaloys/dev/aswf-docker/python/aswfdocker/tests/test_builder.py
              parent: <Package /home/ggaloys/dev/aswf-docker/python/aswfdocker/tests>
          finish pytest_pycollect_makemodule --> <Module test_builder.py> [hook]
        finish pytest_collect_file --> [<Module test_builder.py>] [hook]
        pytest_ignore_collect [hook]
            path: /home/ggaloys/dev/aswf-docker/python/aswfdocker/tests/test_migrater.py
            config: <_pytest.config.Config object at 0x7f5f0d19bb90>
        finish pytest_ignore_collect --> False [hook]
        pytest_collect_file [hook]
            path: /home/ggaloys/dev/aswf-docker/python/aswfdocker/tests/test_migrater.py
            parent: <Package /home/ggaloys/dev/aswf-docker/python/aswfdocker/tests>
          pytest_pycollect_makemodule [hook]
              path: /home/ggaloys/dev/aswf-docker/python/aswfdocker/tests/test_migrater.py
              parent: <Package /home/ggaloys/dev/aswf-docker/python/aswfdocker/tests>
          finish pytest_pycollect_makemodule --> <Module test_migrater.py> [hook]
        finish pytest_collect_file --> [<Module test_migrater.py>] [hook]
        pytest_ignore_collect [hook]
            path: /home/ggaloys/dev/aswf-docker/python/aswfdocker/tests/test_utils.py
            config: <_pytest.config.Config object at 0x7f5f0d19bb90>
        finish pytest_ignore_collect --> False [hook]
        pytest_collect_file [hook]
            path: /home/ggaloys/dev/aswf-docker/python/aswfdocker/tests/test_utils.py
            parent: <Package /home/ggaloys/dev/aswf-docker/python/aswfdocker/tests>
          pytest_pycollect_makemodule [hook]
              path: /home/ggaloys/dev/aswf-docker/python/aswfdocker/tests/test_utils.py
              parent: <Package /home/ggaloys/dev/aswf-docker/python/aswfdocker/tests>
          finish pytest_pycollect_makemodule --> <Module test_utils.py> [hook]
        finish pytest_collect_file --> [<Module test_utils.py>] [hook]
      finish pytest_make_collect_report --> <CollectReport 'python/aswfdocker/tests/__init__.py' lenresult=3 outcome='passed'> [hook]
    genitems <Module test_builder.py> [collection]
      pytest_collectstart [hook]
          collector: <Module test_builder.py>
      finish pytest_collectstart --> [] [hook]
      pytest_make_collect_report [hook]
          collector: <Module test_builder.py>
      early skip of rewriting module: aswfdocker [assertion]
      early skip of rewriting module: aswfdocker.tests [assertion]
      find_module called for: aswfdocker.tests.test_builder [assertion]
      matched test file '/home/ggaloys/dev/aswf-docker/python/aswfdocker/tests/test_builder.py' [assertion]
      found cached rewritten pyc for /home/ggaloys/dev/aswf-docker/python/aswfdocker/tests/test_builder.py [assertion]
      early skip of rewriting module: unittest [assertion]
      early skip of rewriting module: unittest.result [assertion]
      early skip of rewriting module: unittest.util [assertion]
      early skip of rewriting module: unittest.case [assertion]
      early skip of rewriting module: difflib [assertion]
      early skip of rewriting module: unittest.suite [assertion]
      early skip of rewriting module: unittest.loader [assertion]
      early skip of rewriting module: unittest.main [assertion]
      early skip of rewriting module: unittest.runner [assertion]
      early skip of rewriting module: unittest.signals [assertion]
      early skip of rewriting module: aswfdocker.builder [assertion]
      early skip of rewriting module: aswfdocker.constants [assertion]
      early skip of rewriting module: aswfdocker.versioninfo [assertion]
      early skip of rewriting module: aswfdocker.buildinfo [assertion]
      early skip of rewriting module: aswfdocker.utils [assertion]
        pytest_pycollect_makeitem [hook]
            collector: <Module test_builder.py>
            name: __name__
            obj: aswfdocker.tests.test_builder
        finish pytest_pycollect_makeitem --> None [hook]
        pytest_pycollect_makeitem [hook]
            collector: <Module test_builder.py>
            name: __doc__
            obj: None
        finish pytest_pycollect_makeitem --> None [hook]
        pytest_pycollect_makeitem [hook]
            collector: <Module test_builder.py>
            name: __package__
            obj: aswfdocker.tests
        finish pytest_pycollect_makeitem --> None [hook]
        pytest_pycollect_makeitem [hook]
            collector: <Module test_builder.py>
            name: __loader__
            obj: <_pytest.assertion.rewrite.AssertionRewritingHook object at 0x7f5f0d0108d0>
        finish pytest_pycollect_makeitem --> None [hook]
        pytest_pycollect_makeitem [hook]
            collector: <Module test_builder.py>
            name: __spec__
            obj: ModuleSpec(name='aswfdocker.tests.test_builder', loader=<_pytest.assertion.rewrite.AssertionRewritingHook object at 0x7f5f0d0108d0>, origin='/home/ggaloys/dev/aswf-docker/python/aswfdocker/tests/test_builder.py')
        finish pytest_pycollect_makeitem --> None [hook]
        pytest_pycollect_makeitem [hook]
            collector: <Module test_builder.py>
            name: __file__
            obj: /home/ggaloys/dev/aswf-docker/python/aswfdocker/tests/test_builder.py
        finish pytest_pycollect_makeitem --> None [hook]
        pytest_pycollect_makeitem [hook]
            collector: <Module test_builder.py>
            name: __cached__
            obj: /home/ggaloys/dev/aswf-docker/python/aswfdocker/tests/__pycache__/test_builder.cpython-37.pyc
        finish pytest_pycollect_makeitem --> None [hook]
        pytest_pycollect_makeitem [hook]
            collector: <Module test_builder.py>
            name: __builtins__
            obj: {'__name__': 'builtins', '__doc__': "Built-in functions, exceptions, and other objects.\n\nNoteworthy: None is the `nil' object; Ellipsis represents `...' in slices.", '__package__': '', '__loader__': <class '_frozen_importlib.BuiltinImporter'>, '__spec__': ModuleSpec(name='builtins', loader=<class '_frozen_importlib.BuiltinImporter'>), '__build_class__': <built-in function __build_class__>, '__import__': <built-in function __import__>, 'abs': <built-in function abs>, 'all': <built-in function all>, 'any': <built-in function any>, 'ascii': <built-in function ascii>, 'bin': <built-in function bin>, 'breakpoint': <built-in function breakpoint>, 'callable': <built-in function callable>, 'chr': <built-in function chr>, 'compile': <built-in function compile>, 'delattr': <built-in function delattr>, 'dir': <built-in function dir>, 'divmod': <built-in function divmod>, 'eval': <built-in function eval>, 'exec': <built-in function exec>, 'format': <built-in function format>, 'getattr': <built-in function getattr>, 'globals': <built-in function globals>, 'hasattr': <built-in function hasattr>, 'hash': <built-in function hash>, 'hex': <built-in function hex>, 'id': <built-in function id>, 'input': <built-in function input>, 'isinstance': <built-in function isinstance>, 'issubclass': <built-in function issubclass>, 'iter': <built-in function iter>, 'len': <built-in function len>, 'locals': <built-in function locals>, 'max': <built-in function max>, 'min': <built-in function min>, 'next': <built-in function next>, 'oct': <built-in function oct>, 'ord': <built-in function ord>, 'pow': <built-in function pow>, 'print': <built-in function print>, 'repr': <built-in function repr>, 'round': <built-in function round>, 'setattr': <built-in function setattr>, 'sorted': <built-in function sorted>, 'sum': <built-in function sum>, 'vars': <built-in function vars>, 'None': None, 'Ellipsis': Ellipsis, 'NotImplemented': NotImplemented, 'False': False, 'True': True, 'bool': <class 'bool'>, 'memoryview': <class 'memoryview'>, 'bytearray': <class 'bytearray'>, 'bytes': <class 'bytes'>, 'classmethod': <class 'classmethod'>, 'complex': <class 'complex'>, 'dict': <class 'dict'>, 'enumerate': <class 'enumerate'>, 'filter': <class 'filter'>, 'float': <class 'float'>, 'frozenset': <class 'frozenset'>, 'property': <class 'property'>, 'int': <class 'int'>, 'list': <class 'list'>, 'map': <class 'map'>, 'object': <class 'object'>, 'range': <class 'range'>, 'reversed': <class 'reversed'>, 'set': <class 'set'>, 'slice': <class 'slice'>, 'staticmethod': <class 'staticmethod'>, 'str': <class 'str'>, 'super': <class 'super'>, 'tuple': <class 'tuple'>, 'type': <class 'type'>, 'zip': <class 'zip'>, '__debug__': True, 'BaseException': <class 'BaseException'>, 'Exception': <class 'Exception'>, 'TypeError': <class 'TypeError'>, 'StopAsyncIteration': <class 'StopAsyncIteration'>, 'StopIteration': <class 'StopIteration'>, 'GeneratorExit': <class 'GeneratorExit'>, 'SystemExit': <class 'SystemExit'>, 'KeyboardInterrupt': <class 'KeyboardInterrupt'>, 'ImportError': <class 'ImportError'>, 'ModuleNotFoundError': <class 'ModuleNotFoundError'>, 'OSError': <class 'OSError'>, 'EnvironmentError': <class 'OSError'>, 'IOError': <class 'OSError'>, 'EOFError': <class 'EOFError'>, 'RuntimeError': <class 'RuntimeError'>, 'RecursionError': <class 'RecursionError'>, 'NotImplementedError': <class 'NotImplementedError'>, 'NameError': <class 'NameError'>, 'UnboundLocalError': <class 'UnboundLocalError'>, 'AttributeError': <class 'AttributeError'>, 'SyntaxError': <class 'SyntaxError'>, 'IndentationError': <class 'IndentationError'>, 'TabError': <class 'TabError'>, 'LookupError': <class 'LookupError'>, 'IndexError': <class 'IndexError'>, 'KeyError': <class 'KeyError'>, 'ValueError': <class 'ValueError'>, 'UnicodeError': <class 'UnicodeError'>, 'UnicodeEncodeError': <class 'UnicodeEncodeError'>, 'UnicodeDecodeError': <class 'UnicodeDecodeError'>, 'UnicodeTranslateError': <class 'UnicodeTranslateError'>, 'AssertionError': <class 'AssertionError'>, 'ArithmeticError': <class 'ArithmeticError'>, 'FloatingPointError': <class 'FloatingPointError'>, 'OverflowError': <class 'OverflowError'>, 'ZeroDivisionError': <class 'ZeroDivisionError'>, 'SystemError': <class 'SystemError'>, 'ReferenceError': <class 'ReferenceError'>, 'MemoryError': <class 'MemoryError'>, 'BufferError': <class 'BufferError'>, 'Warning': <class 'Warning'>, 'UserWarning': <class 'UserWarning'>, 'DeprecationWarning': <class 'DeprecationWarning'>, 'PendingDeprecationWarning': <class 'PendingDeprecationWarning'>, 'SyntaxWarning': <class 'SyntaxWarning'>, 'RuntimeWarning': <class 'RuntimeWarning'>, 'FutureWarning': <class 'FutureWarning'>, 'ImportWarning': <class 'ImportWarning'>, 'UnicodeWarning': <class 'UnicodeWarning'>, 'BytesWarning': <class 'BytesWarning'>, 'ResourceWarning': <class 'ResourceWarning'>, 'ConnectionError': <class 'ConnectionError'>, 'BlockingIOError': <class 'BlockingIOError'>, 'BrokenPipeError': <class 'BrokenPipeError'>, 'ChildProcessError': <class 'ChildProcessError'>, 'ConnectionAbortedError': <class 'ConnectionAbortedError'>, 'ConnectionRefusedError': <class 'ConnectionRefusedError'>, 'ConnectionResetError': <class 'ConnectionResetError'>, 'FileExistsError': <class 'FileExistsError'>, 'FileNotFoundError': <class 'FileNotFoundError'>, 'IsADirectoryError': <class 'IsADirectoryError'>, 'NotADirectoryError': <class 'NotADirectoryError'>, 'InterruptedError': <class 'InterruptedError'>, 'PermissionError': <class 'PermissionError'>, 'ProcessLookupError': <class 'ProcessLookupError'>, 'TimeoutError': <class 'TimeoutError'>, 'open': <built-in function open>, 'quit': Use quit() or Ctrl-D (i.e. EOF) to exit, 'exit': Use exit() or Ctrl-D (i.e. EOF) to exit, 'copyright': Copyright (c) 2001-2019 Python Software Foundation.
All Rights Reserved.

Copyright (c) 2000 BeOpen.com.
All Rights Reserved.

Copyright (c) 1995-2001 Corporation for National Research Initiatives.
All Rights Reserved.

Copyright (c) 1991-1995 Stichting Mathematisch Centrum, Amsterdam.
All Rights Reserved., 'credits':     Thanks to CWI, CNRI, BeOpen.com, Zope Corporation and a cast of thousands
    for supporting Python development.  See www.python.org for more information., 'license': Type license() to see the full license text, 'help': Type help() for interactive help, or help(object) for help about object.}
        finish pytest_pycollect_makeitem --> None [hook]
        pytest_pycollect_makeitem [hook]
            collector: <Module test_builder.py>
            name: @py_builtins
            obj: <module 'builtins' (built-in)>
        finish pytest_pycollect_makeitem --> None [hook]
        pytest_pycollect_makeitem [hook]
            collector: <Module test_builder.py>
            name: @pytest_ar
            obj: <module '_pytest.assertion.rewrite' from '/home/ggaloys/dev/virtualenv/python-NQM2m0Mm/lib/python3.7/site-packages/_pytest/assertion/rewrite.py'>
        finish pytest_pycollect_makeitem --> None [hook]
        pytest_pycollect_makeitem [hook]
            collector: <Module test_builder.py>
            name: unittest
            obj: <module 'unittest' from '/usr/lib/python3.7/unittest/__init__.py'>
        finish pytest_pycollect_makeitem --> None [hook]
        pytest_pycollect_makeitem [hook]
            collector: <Module test_builder.py>
            name: builder
            obj: <module 'aswfdocker.builder' from '/home/ggaloys/dev/aswf-docker/python/aswfdocker/builder.py'>
        finish pytest_pycollect_makeitem --> None [hook]
        pytest_pycollect_makeitem [hook]
            collector: <Module test_builder.py>
            name: buildinfo
            obj: <module 'aswfdocker.buildinfo' from '/home/ggaloys/dev/aswf-docker/python/aswfdocker/buildinfo.py'>
        finish pytest_pycollect_makeitem --> None [hook]
        pytest_pycollect_makeitem [hook]
            collector: <Module test_builder.py>
            name: constants
            obj: <module 'aswfdocker.constants' from '/home/ggaloys/dev/aswf-docker/python/aswfdocker/constants.py'>
        finish pytest_pycollect_makeitem --> None [hook]
        pytest_pycollect_makeitem [hook]
            collector: <Module test_builder.py>
            name: TestBuilder
            obj: <class 'aswfdocker.tests.test_builder.TestBuilder'>
        finish pytest_pycollect_makeitem --> <UnitTestCase TestBuilder> [hook]
        pytest_pycollect_makeitem [hook]
            collector: <Module test_builder.py>
            name: __repr__
            obj: <slot wrapper '__repr__' of 'module' objects>
        finish pytest_pycollect_makeitem --> None [hook]
        pytest_pycollect_makeitem [hook]
            collector: <Module test_builder.py>
            name: __getattribute__
            obj: <slot wrapper '__getattribute__' of 'module' objects>
        finish pytest_pycollect_makeitem --> None [hook]
        pytest_pycollect_makeitem [hook]
            collector: <Module test_builder.py>
            name: __setattr__
            obj: <slot wrapper '__setattr__' of 'module' objects>
        finish pytest_pycollect_makeitem --> None [hook]
        pytest_pycollect_makeitem [hook]
            collector: <Module test_builder.py>
            name: __delattr__
            obj: <slot wrapper '__delattr__' of 'module' objects>
        finish pytest_pycollect_makeitem --> None [hook]
        pytest_pycollect_makeitem [hook]
            collector: <Module test_builder.py>
            name: __init__
            obj: <slot wrapper '__init__' of 'module' objects>
        finish pytest_pycollect_makeitem --> None [hook]
        pytest_pycollect_makeitem [hook]
            collector: <Module test_builder.py>
            name: __new__
            obj: <built-in method __new__ of type object at 0x8526e0>
        finish pytest_pycollect_makeitem --> None [hook]
        pytest_pycollect_makeitem [hook]
            collector: <Module test_builder.py>
            name: __dir__
            obj: <method '__dir__' of 'module' objects>
        finish pytest_pycollect_makeitem --> None [hook]
        pytest_pycollect_makeitem [hook]
            collector: <Module test_builder.py>
            name: __dict__
            obj: <member '__dict__' of 'module' objects>
        finish pytest_pycollect_makeitem --> None [hook]
        pytest_pycollect_makeitem [hook]
            collector: <Module test_builder.py>
            name: __hash__
            obj: <slot wrapper '__hash__' of 'object' objects>
        finish pytest_pycollect_makeitem --> None [hook]
        pytest_pycollect_makeitem [hook]
            collector: <Module test_builder.py>
            name: __str__
            obj: <slot wrapper '__str__' of 'object' objects>
        finish pytest_pycollect_makeitem --> None [hook]
        pytest_pycollect_makeitem [hook]
            collector: <Module test_builder.py>
            name: __lt__
            obj: <slot wrapper '__lt__' of 'object' objects>
        finish pytest_pycollect_makeitem --> None [hook]
        pytest_pycollect_makeitem [hook]
            collector: <Module test_builder.py>
            name: __le__
            obj: <slot wrapper '__le__' of 'object' objects>
        finish pytest_pycollect_makeitem --> None [hook]
        pytest_pycollect_makeitem [hook]
            collector: <Module test_builder.py>
            name: __eq__
            obj: <slot wrapper '__eq__' of 'object' objects>
        finish pytest_pycollect_makeitem --> None [hook]
        pytest_pycollect_makeitem [hook]
            collector: <Module test_builder.py>
            name: __ne__
            obj: <slot wrapper '__ne__' of 'object' objects>
        finish pytest_pycollect_makeitem --> None [hook]
        pytest_pycollect_makeitem [hook]
            collector: <Module test_builder.py>
            name: __gt__
            obj: <slot wrapper '__gt__' of 'object' objects>
        finish pytest_pycollect_makeitem --> None [hook]
        pytest_pycollect_makeitem [hook]
            collector: <Module test_builder.py>
            name: __ge__
            obj: <slot wrapper '__ge__' of 'object' objects>
        finish pytest_pycollect_makeitem --> None [hook]
        pytest_pycollect_makeitem [hook]
            collector: <Module test_builder.py>
            name: __reduce_ex__
            obj: <method '__reduce_ex__' of 'object' objects>
        finish pytest_pycollect_makeitem --> None [hook]
        pytest_pycollect_makeitem [hook]
            collector: <Module test_builder.py>
            name: __reduce__
            obj: <method '__reduce__' of 'object' objects>
        finish pytest_pycollect_makeitem --> None [hook]
        pytest_pycollect_makeitem [hook]
            collector: <Module test_builder.py>
            name: __subclasshook__
            obj: <method '__subclasshook__' of 'object' objects>
        finish pytest_pycollect_makeitem --> None [hook]
        pytest_pycollect_makeitem [hook]
            collector: <Module test_builder.py>
            name: __init_subclass__
            obj: <method '__init_subclass__' of 'object' objects>
        finish pytest_pycollect_makeitem --> None [hook]
        pytest_pycollect_makeitem [hook]
            collector: <Module test_builder.py>
            name: __format__
            obj: <method '__format__' of 'object' objects>
        finish pytest_pycollect_makeitem --> None [hook]
        pytest_pycollect_makeitem [hook]
            collector: <Module test_builder.py>
            name: __sizeof__
            obj: <method '__sizeof__' of 'object' objects>
        finish pytest_pycollect_makeitem --> None [hook]
        pytest_pycollect_makeitem [hook]
            collector: <Module test_builder.py>
            name: __class__
            obj: <attribute '__class__' of 'object' objects>
        finish pytest_pycollect_makeitem --> None [hook]
      finish pytest_make_collect_report --> <CollectReport 'python/aswfdocker/tests/test_builder.py' lenresult=1 outcome='passed'> [hook]
    genitems <UnitTestCase TestBuilder> [collection]
      pytest_collectstart [hook]
          collector: <UnitTestCase TestBuilder>
      finish pytest_collectstart --> [] [hook]
      pytest_make_collect_report [hook]
          collector: <UnitTestCase TestBuilder>
      finish pytest_make_collect_report --> <CollectReport 'python/aswfdocker/tests/test_builder.py::TestBuilder' lenresult=2 outcome='passed'> [hook]
    genitems <TestCaseFunction test_image_base_2019_dict> [collection]
      pytest_itemcollected [hook]
          item: <TestCaseFunction test_image_base_2019_dict>
      finish pytest_itemcollected --> [] [hook]
    genitems <TestCaseFunction test_package_baseqt_2019_dict> [collection]
      pytest_itemcollected [hook]
          item: <TestCaseFunction test_package_baseqt_2019_dict>
      finish pytest_itemcollected --> [] [hook]
      pytest_collectreport [hook]
          report: <CollectReport 'python/aswfdocker/tests/test_builder.py::TestBuilder' lenresult=2 outcome='passed'>
      finish pytest_collectreport --> [] [hook]
      pytest_collectreport [hook]
          report: <CollectReport 'python/aswfdocker/tests/test_builder.py' lenresult=1 outcome='passed'>
      finish pytest_collectreport --> [] [hook]
    genitems <Module test_migrater.py> [collection]
      pytest_collectstart [hook]
          collector: <Module test_migrater.py>
      finish pytest_collectstart --> [] [hook]
      pytest_make_collect_report [hook]
          collector: <Module test_migrater.py>
      find_module called for: aswfdocker.tests.test_migrater [assertion]
      matched test file '/home/ggaloys/dev/aswf-docker/python/aswfdocker/tests/test_migrater.py' [assertion]
      _read_pyc(/home/ggaloys/dev/aswf-docker/python/aswfdocker/tests/test_migrater.py): invalid or out of date pyc [assertion]
      rewriting PosixPath('/home/ggaloys/dev/aswf-docker/python/aswfdocker/tests/test_migrater.py') [assertion]
      early skip of rewriting module: aswfdocker.migrater [assertion]
        pytest_pycollect_makeitem [hook]
            collector: <Module test_migrater.py>
            name: __name__
            obj: aswfdocker.tests.test_migrater
        finish pytest_pycollect_makeitem --> None [hook]
        pytest_pycollect_makeitem [hook]
            collector: <Module test_migrater.py>
            name: __doc__
            obj: None
        finish pytest_pycollect_makeitem --> None [hook]
        pytest_pycollect_makeitem [hook]
            collector: <Module test_migrater.py>
            name: __package__
            obj: aswfdocker.tests
        finish pytest_pycollect_makeitem --> None [hook]
        pytest_pycollect_makeitem [hook]
            collector: <Module test_migrater.py>
            name: __loader__
            obj: <_pytest.assertion.rewrite.AssertionRewritingHook object at 0x7f5f0d0108d0>
        finish pytest_pycollect_makeitem --> None [hook]
        pytest_pycollect_makeitem [hook]
            collector: <Module test_migrater.py>
            name: __spec__
            obj: ModuleSpec(name='aswfdocker.tests.test_migrater', loader=<_pytest.assertion.rewrite.AssertionRewritingHook object at 0x7f5f0d0108d0>, origin='/home/ggaloys/dev/aswf-docker/python/aswfdocker/tests/test_migrater.py')
        finish pytest_pycollect_makeitem --> None [hook]
        pytest_pycollect_makeitem [hook]
            collector: <Module test_migrater.py>
            name: __file__
            obj: /home/ggaloys/dev/aswf-docker/python/aswfdocker/tests/test_migrater.py
        finish pytest_pycollect_makeitem --> None [hook]
        pytest_pycollect_makeitem [hook]
            collector: <Module test_migrater.py>
            name: __cached__
            obj: /home/ggaloys/dev/aswf-docker/python/aswfdocker/tests/__pycache__/test_migrater.cpython-37.pyc
        finish pytest_pycollect_makeitem --> None [hook]
        pytest_pycollect_makeitem [hook]
            collector: <Module test_migrater.py>
            name: __builtins__
            obj: {'__name__': 'builtins', '__doc__': "Built-in functions, exceptions, and other objects.\n\nNoteworthy: None is the `nil' object; Ellipsis represents `...' in slices.", '__package__': '', '__loader__': <class '_frozen_importlib.BuiltinImporter'>, '__spec__': ModuleSpec(name='builtins', loader=<class '_frozen_importlib.BuiltinImporter'>), '__build_class__': <built-in function __build_class__>, '__import__': <built-in function __import__>, 'abs': <built-in function abs>, 'all': <built-in function all>, 'any': <built-in function any>, 'ascii': <built-in function ascii>, 'bin': <built-in function bin>, 'breakpoint': <built-in function breakpoint>, 'callable': <built-in function callable>, 'chr': <built-in function chr>, 'compile': <built-in function compile>, 'delattr': <built-in function delattr>, 'dir': <built-in function dir>, 'divmod': <built-in function divmod>, 'eval': <built-in function eval>, 'exec': <built-in function exec>, 'format': <built-in function format>, 'getattr': <built-in function getattr>, 'globals': <built-in function globals>, 'hasattr': <built-in function hasattr>, 'hash': <built-in function hash>, 'hex': <built-in function hex>, 'id': <built-in function id>, 'input': <built-in function input>, 'isinstance': <built-in function isinstance>, 'issubclass': <built-in function issubclass>, 'iter': <built-in function iter>, 'len': <built-in function len>, 'locals': <built-in function locals>, 'max': <built-in function max>, 'min': <built-in function min>, 'next': <built-in function next>, 'oct': <built-in function oct>, 'ord': <built-in function ord>, 'pow': <built-in function pow>, 'print': <built-in function print>, 'repr': <built-in function repr>, 'round': <built-in function round>, 'setattr': <built-in function setattr>, 'sorted': <built-in function sorted>, 'sum': <built-in function sum>, 'vars': <built-in function vars>, 'None': None, 'Ellipsis': Ellipsis, 'NotImplemented': NotImplemented, 'False': False, 'True': True, 'bool': <class 'bool'>, 'memoryview': <class 'memoryview'>, 'bytearray': <class 'bytearray'>, 'bytes': <class 'bytes'>, 'classmethod': <class 'classmethod'>, 'complex': <class 'complex'>, 'dict': <class 'dict'>, 'enumerate': <class 'enumerate'>, 'filter': <class 'filter'>, 'float': <class 'float'>, 'frozenset': <class 'frozenset'>, 'property': <class 'property'>, 'int': <class 'int'>, 'list': <class 'list'>, 'map': <class 'map'>, 'object': <class 'object'>, 'range': <class 'range'>, 'reversed': <class 'reversed'>, 'set': <class 'set'>, 'slice': <class 'slice'>, 'staticmethod': <class 'staticmethod'>, 'str': <class 'str'>, 'super': <class 'super'>, 'tuple': <class 'tuple'>, 'type': <class 'type'>, 'zip': <class 'zip'>, '__debug__': True, 'BaseException': <class 'BaseException'>, 'Exception': <class 'Exception'>, 'TypeError': <class 'TypeError'>, 'StopAsyncIteration': <class 'StopAsyncIteration'>, 'StopIteration': <class 'StopIteration'>, 'GeneratorExit': <class 'GeneratorExit'>, 'SystemExit': <class 'SystemExit'>, 'KeyboardInterrupt': <class 'KeyboardInterrupt'>, 'ImportError': <class 'ImportError'>, 'ModuleNotFoundError': <class 'ModuleNotFoundError'>, 'OSError': <class 'OSError'>, 'EnvironmentError': <class 'OSError'>, 'IOError': <class 'OSError'>, 'EOFError': <class 'EOFError'>, 'RuntimeError': <class 'RuntimeError'>, 'RecursionError': <class 'RecursionError'>, 'NotImplementedError': <class 'NotImplementedError'>, 'NameError': <class 'NameError'>, 'UnboundLocalError': <class 'UnboundLocalError'>, 'AttributeError': <class 'AttributeError'>, 'SyntaxError': <class 'SyntaxError'>, 'IndentationError': <class 'IndentationError'>, 'TabError': <class 'TabError'>, 'LookupError': <class 'LookupError'>, 'IndexError': <class 'IndexError'>, 'KeyError': <class 'KeyError'>, 'ValueError': <class 'ValueError'>, 'UnicodeError': <class 'UnicodeError'>, 'UnicodeEncodeError': <class 'UnicodeEncodeError'>, 'UnicodeDecodeError': <class 'UnicodeDecodeError'>, 'UnicodeTranslateError': <class 'UnicodeTranslateError'>, 'AssertionError': <class 'AssertionError'>, 'ArithmeticError': <class 'ArithmeticError'>, 'FloatingPointError': <class 'FloatingPointError'>, 'OverflowError': <class 'OverflowError'>, 'ZeroDivisionError': <class 'ZeroDivisionError'>, 'SystemError': <class 'SystemError'>, 'ReferenceError': <class 'ReferenceError'>, 'MemoryError': <class 'MemoryError'>, 'BufferError': <class 'BufferError'>, 'Warning': <class 'Warning'>, 'UserWarning': <class 'UserWarning'>, 'DeprecationWarning': <class 'DeprecationWarning'>, 'PendingDeprecationWarning': <class 'PendingDeprecationWarning'>, 'SyntaxWarning': <class 'SyntaxWarning'>, 'RuntimeWarning': <class 'RuntimeWarning'>, 'FutureWarning': <class 'FutureWarning'>, 'ImportWarning': <class 'ImportWarning'>, 'UnicodeWarning': <class 'UnicodeWarning'>, 'BytesWarning': <class 'BytesWarning'>, 'ResourceWarning': <class 'ResourceWarning'>, 'ConnectionError': <class 'ConnectionError'>, 'BlockingIOError': <class 'BlockingIOError'>, 'BrokenPipeError': <class 'BrokenPipeError'>, 'ChildProcessError': <class 'ChildProcessError'>, 'ConnectionAbortedError': <class 'ConnectionAbortedError'>, 'ConnectionRefusedError': <class 'ConnectionRefusedError'>, 'ConnectionResetError': <class 'ConnectionResetError'>, 'FileExistsError': <class 'FileExistsError'>, 'FileNotFoundError': <class 'FileNotFoundError'>, 'IsADirectoryError': <class 'IsADirectoryError'>, 'NotADirectoryError': <class 'NotADirectoryError'>, 'InterruptedError': <class 'InterruptedError'>, 'PermissionError': <class 'PermissionError'>, 'ProcessLookupError': <class 'ProcessLookupError'>, 'TimeoutError': <class 'TimeoutError'>, 'open': <built-in function open>, 'quit': Use quit() or Ctrl-D (i.e. EOF) to exit, 'exit': Use exit() or Ctrl-D (i.e. EOF) to exit, 'copyright': Copyright (c) 2001-2019 Python Software Foundation.
All Rights Reserved.

Copyright (c) 2000 BeOpen.com.
All Rights Reserved.

Copyright (c) 1995-2001 Corporation for National Research Initiatives.
All Rights Reserved.

Copyright (c) 1991-1995 Stichting Mathematisch Centrum, Amsterdam.
All Rights Reserved., 'credits':     Thanks to CWI, CNRI, BeOpen.com, Zope Corporation and a cast of thousands
    for supporting Python development.  See www.python.org for more information., 'license': Type license() to see the full license text, 'help': Type help() for interactive help, or help(object) for help about object.}
        finish pytest_pycollect_makeitem --> None [hook]
        pytest_pycollect_makeitem [hook]
            collector: <Module test_migrater.py>
            name: @py_builtins
            obj: <module 'builtins' (built-in)>
        finish pytest_pycollect_makeitem --> None [hook]
        pytest_pycollect_makeitem [hook]
            collector: <Module test_migrater.py>
            name: @pytest_ar
            obj: <module '_pytest.assertion.rewrite' from '/home/ggaloys/dev/virtualenv/python-NQM2m0Mm/lib/python3.7/site-packages/_pytest/assertion/rewrite.py'>
        finish pytest_pycollect_makeitem --> None [hook]
        pytest_pycollect_makeitem [hook]
            collector: <Module test_migrater.py>
            name: unittest
            obj: <module 'unittest' from '/usr/lib/python3.7/unittest/__init__.py'>
        finish pytest_pycollect_makeitem --> None [hook]
        pytest_pycollect_makeitem [hook]
            collector: <Module test_migrater.py>
            name: migrater
            obj: <module 'aswfdocker.migrater' from '/home/ggaloys/dev/aswf-docker/python/aswfdocker/migrater.py'>
        finish pytest_pycollect_makeitem --> None [hook]
        pytest_pycollect_makeitem [hook]
            collector: <Module test_migrater.py>
            name: TestBuilder
            obj: <class 'aswfdocker.tests.test_migrater.TestBuilder'>
        finish pytest_pycollect_makeitem --> <UnitTestCase TestBuilder> [hook]
        pytest_pycollect_makeitem [hook]
            collector: <Module test_migrater.py>
            name: __repr__
            obj: <slot wrapper '__repr__' of 'module' objects>
        finish pytest_pycollect_makeitem --> None [hook]
        pytest_pycollect_makeitem [hook]
            collector: <Module test_migrater.py>
            name: __getattribute__
            obj: <slot wrapper '__getattribute__' of 'module' objects>
        finish pytest_pycollect_makeitem --> None [hook]
        pytest_pycollect_makeitem [hook]
            collector: <Module test_migrater.py>
            name: __setattr__
            obj: <slot wrapper '__setattr__' of 'module' objects>
        finish pytest_pycollect_makeitem --> None [hook]
        pytest_pycollect_makeitem [hook]
            collector: <Module test_migrater.py>
            name: __delattr__
            obj: <slot wrapper '__delattr__' of 'module' objects>
        finish pytest_pycollect_makeitem --> None [hook]
        pytest_pycollect_makeitem [hook]
            collector: <Module test_migrater.py>
            name: __init__
            obj: <slot wrapper '__init__' of 'module' objects>
        finish pytest_pycollect_makeitem --> None [hook]
        pytest_pycollect_makeitem [hook]
            collector: <Module test_migrater.py>
            name: __new__
            obj: <built-in method __new__ of type object at 0x8526e0>
        finish pytest_pycollect_makeitem --> None [hook]
        pytest_pycollect_makeitem [hook]
            collector: <Module test_migrater.py>
            name: __dir__
            obj: <method '__dir__' of 'module' objects>
        finish pytest_pycollect_makeitem --> None [hook]
        pytest_pycollect_makeitem [hook]
            collector: <Module test_migrater.py>
            name: __dict__
            obj: <member '__dict__' of 'module' objects>
        finish pytest_pycollect_makeitem --> None [hook]
        pytest_pycollect_makeitem [hook]
            collector: <Module test_migrater.py>
            name: __hash__
            obj: <slot wrapper '__hash__' of 'object' objects>
        finish pytest_pycollect_makeitem --> None [hook]
        pytest_pycollect_makeitem [hook]
            collector: <Module test_migrater.py>
            name: __str__
            obj: <slot wrapper '__str__' of 'object' objects>
        finish pytest_pycollect_makeitem --> None [hook]
        pytest_pycollect_makeitem [hook]
            collector: <Module test_migrater.py>
            name: __lt__
            obj: <slot wrapper '__lt__' of 'object' objects>
        finish pytest_pycollect_makeitem --> None [hook]
        pytest_pycollect_makeitem [hook]
            collector: <Module test_migrater.py>
            name: __le__
            obj: <slot wrapper '__le__' of 'object' objects>
        finish pytest_pycollect_makeitem --> None [hook]
        pytest_pycollect_makeitem [hook]
            collector: <Module test_migrater.py>
            name: __eq__
            obj: <slot wrapper '__eq__' of 'object' objects>
        finish pytest_pycollect_makeitem --> None [hook]
        pytest_pycollect_makeitem [hook]
            collector: <Module test_migrater.py>
            name: __ne__
            obj: <slot wrapper '__ne__' of 'object' objects>
        finish pytest_pycollect_makeitem --> None [hook]
        pytest_pycollect_makeitem [hook]
            collector: <Module test_migrater.py>
            name: __gt__
            obj: <slot wrapper '__gt__' of 'object' objects>
        finish pytest_pycollect_makeitem --> None [hook]
        pytest_pycollect_makeitem [hook]
            collector: <Module test_migrater.py>
            name: __ge__
            obj: <slot wrapper '__ge__' of 'object' objects>
        finish pytest_pycollect_makeitem --> None [hook]
        pytest_pycollect_makeitem [hook]
            collector: <Module test_migrater.py>
            name: __reduce_ex__
            obj: <method '__reduce_ex__' of 'object' objects>
        finish pytest_pycollect_makeitem --> None [hook]
        pytest_pycollect_makeitem [hook]
            collector: <Module test_migrater.py>
            name: __reduce__
            obj: <method '__reduce__' of 'object' objects>
        finish pytest_pycollect_makeitem --> None [hook]
        pytest_pycollect_makeitem [hook]
            collector: <Module test_migrater.py>
            name: __subclasshook__
            obj: <method '__subclasshook__' of 'object' objects>
        finish pytest_pycollect_makeitem --> None [hook]
        pytest_pycollect_makeitem [hook]
            collector: <Module test_migrater.py>
            name: __init_subclass__
            obj: <method '__init_subclass__' of 'object' objects>
        finish pytest_pycollect_makeitem --> None [hook]
        pytest_pycollect_makeitem [hook]
            collector: <Module test_migrater.py>
            name: __format__
            obj: <method '__format__' of 'object' objects>
        finish pytest_pycollect_makeitem --> None [hook]
        pytest_pycollect_makeitem [hook]
            collector: <Module test_migrater.py>
            name: __sizeof__
            obj: <method '__sizeof__' of 'object' objects>
        finish pytest_pycollect_makeitem --> None [hook]
        pytest_pycollect_makeitem [hook]
            collector: <Module test_migrater.py>
            name: __class__
            obj: <attribute '__class__' of 'object' objects>
        finish pytest_pycollect_makeitem --> None [hook]
      finish pytest_make_collect_report --> <CollectReport 'python/aswfdocker/tests/test_migrater.py' lenresult=1 outcome='passed'> [hook]
    genitems <UnitTestCase TestBuilder> [collection]
      pytest_collectstart [hook]
          collector: <UnitTestCase TestBuilder>
      finish pytest_collectstart --> [] [hook]
      pytest_make_collect_report [hook]
          collector: <UnitTestCase TestBuilder>
      finish pytest_make_collect_report --> <CollectReport 'python/aswfdocker/tests/test_migrater.py::TestBuilder' lenresult=3 outcome='passed'> [hook]
    genitems <TestCaseFunction test_migrate_nofilter> [collection]
      pytest_itemcollected [hook]
          item: <TestCaseFunction test_migrate_nofilter>
      finish pytest_itemcollected --> [] [hook]
    genitems <TestCaseFunction test_migrate_pkgfilter> [collection]
      pytest_itemcollected [hook]
          item: <TestCaseFunction test_migrate_pkgfilter>
      finish pytest_itemcollected --> [] [hook]
    genitems <TestCaseFunction test_migrate_versionfilter> [collection]
      pytest_itemcollected [hook]
          item: <TestCaseFunction test_migrate_versionfilter>
      finish pytest_itemcollected --> [] [hook]
      pytest_collectreport [hook]
          report: <CollectReport 'python/aswfdocker/tests/test_migrater.py::TestBuilder' lenresult=3 outcome='passed'>
      finish pytest_collectreport --> [] [hook]
      pytest_collectreport [hook]
          report: <CollectReport 'python/aswfdocker/tests/test_migrater.py' lenresult=1 outcome='passed'>
      finish pytest_collectreport --> [] [hook]
    genitems <Module test_utils.py> [collection]
      pytest_collectstart [hook]
          collector: <Module test_utils.py>
      finish pytest_collectstart --> [] [hook]
      pytest_make_collect_report [hook]
          collector: <Module test_utils.py>
      find_module called for: aswfdocker.tests.test_utils [assertion]
      matched test file '/home/ggaloys/dev/aswf-docker/python/aswfdocker/tests/test_utils.py' [assertion]
      found cached rewritten pyc for /home/ggaloys/dev/aswf-docker/python/aswfdocker/tests/test_utils.py [assertion]
        pytest_pycollect_makeitem [hook]
            collector: <Module test_utils.py>
            name: __name__
            obj: aswfdocker.tests.test_utils
        finish pytest_pycollect_makeitem --> None [hook]
        pytest_pycollect_makeitem [hook]
            collector: <Module test_utils.py>
            name: __doc__
            obj: None
        finish pytest_pycollect_makeitem --> None [hook]
        pytest_pycollect_makeitem [hook]
            collector: <Module test_utils.py>
            name: __package__
            obj: aswfdocker.tests
        finish pytest_pycollect_makeitem --> None [hook]
        pytest_pycollect_makeitem [hook]
            collector: <Module test_utils.py>
            name: __loader__
            obj: <_pytest.assertion.rewrite.AssertionRewritingHook object at 0x7f5f0d0108d0>
        finish pytest_pycollect_makeitem --> None [hook]
        pytest_pycollect_makeitem [hook]
            collector: <Module test_utils.py>
            name: __spec__
            obj: ModuleSpec(name='aswfdocker.tests.test_utils', loader=<_pytest.assertion.rewrite.AssertionRewritingHook object at 0x7f5f0d0108d0>, origin='/home/ggaloys/dev/aswf-docker/python/aswfdocker/tests/test_utils.py')
        finish pytest_pycollect_makeitem --> None [hook]
        pytest_pycollect_makeitem [hook]
            collector: <Module test_utils.py>
            name: __file__
            obj: /home/ggaloys/dev/aswf-docker/python/aswfdocker/tests/test_utils.py
        finish pytest_pycollect_makeitem --> None [hook]
        pytest_pycollect_makeitem [hook]
            collector: <Module test_utils.py>
            name: __cached__
            obj: /home/ggaloys/dev/aswf-docker/python/aswfdocker/tests/__pycache__/test_utils.cpython-37.pyc
        finish pytest_pycollect_makeitem --> None [hook]
        pytest_pycollect_makeitem [hook]
            collector: <Module test_utils.py>
            name: __builtins__
            obj: {'__name__': 'builtins', '__doc__': "Built-in functions, exceptions, and other objects.\n\nNoteworthy: None is the `nil' object; Ellipsis represents `...' in slices.", '__package__': '', '__loader__': <class '_frozen_importlib.BuiltinImporter'>, '__spec__': ModuleSpec(name='builtins', loader=<class '_frozen_importlib.BuiltinImporter'>), '__build_class__': <built-in function __build_class__>, '__import__': <built-in function __import__>, 'abs': <built-in function abs>, 'all': <built-in function all>, 'any': <built-in function any>, 'ascii': <built-in function ascii>, 'bin': <built-in function bin>, 'breakpoint': <built-in function breakpoint>, 'callable': <built-in function callable>, 'chr': <built-in function chr>, 'compile': <built-in function compile>, 'delattr': <built-in function delattr>, 'dir': <built-in function dir>, 'divmod': <built-in function divmod>, 'eval': <built-in function eval>, 'exec': <built-in function exec>, 'format': <built-in function format>, 'getattr': <built-in function getattr>, 'globals': <built-in function globals>, 'hasattr': <built-in function hasattr>, 'hash': <built-in function hash>, 'hex': <built-in function hex>, 'id': <built-in function id>, 'input': <built-in function input>, 'isinstance': <built-in function isinstance>, 'issubclass': <built-in function issubclass>, 'iter': <built-in function iter>, 'len': <built-in function len>, 'locals': <built-in function locals>, 'max': <built-in function max>, 'min': <built-in function min>, 'next': <built-in function next>, 'oct': <built-in function oct>, 'ord': <built-in function ord>, 'pow': <built-in function pow>, 'print': <built-in function print>, 'repr': <built-in function repr>, 'round': <built-in function round>, 'setattr': <built-in function setattr>, 'sorted': <built-in function sorted>, 'sum': <built-in function sum>, 'vars': <built-in function vars>, 'None': None, 'Ellipsis': Ellipsis, 'NotImplemented': NotImplemented, 'False': False, 'True': True, 'bool': <class 'bool'>, 'memoryview': <class 'memoryview'>, 'bytearray': <class 'bytearray'>, 'bytes': <class 'bytes'>, 'classmethod': <class 'classmethod'>, 'complex': <class 'complex'>, 'dict': <class 'dict'>, 'enumerate': <class 'enumerate'>, 'filter': <class 'filter'>, 'float': <class 'float'>, 'frozenset': <class 'frozenset'>, 'property': <class 'property'>, 'int': <class 'int'>, 'list': <class 'list'>, 'map': <class 'map'>, 'object': <class 'object'>, 'range': <class 'range'>, 'reversed': <class 'reversed'>, 'set': <class 'set'>, 'slice': <class 'slice'>, 'staticmethod': <class 'staticmethod'>, 'str': <class 'str'>, 'super': <class 'super'>, 'tuple': <class 'tuple'>, 'type': <class 'type'>, 'zip': <class 'zip'>, '__debug__': True, 'BaseException': <class 'BaseException'>, 'Exception': <class 'Exception'>, 'TypeError': <class 'TypeError'>, 'StopAsyncIteration': <class 'StopAsyncIteration'>, 'StopIteration': <class 'StopIteration'>, 'GeneratorExit': <class 'GeneratorExit'>, 'SystemExit': <class 'SystemExit'>, 'KeyboardInterrupt': <class 'KeyboardInterrupt'>, 'ImportError': <class 'ImportError'>, 'ModuleNotFoundError': <class 'ModuleNotFoundError'>, 'OSError': <class 'OSError'>, 'EnvironmentError': <class 'OSError'>, 'IOError': <class 'OSError'>, 'EOFError': <class 'EOFError'>, 'RuntimeError': <class 'RuntimeError'>, 'RecursionError': <class 'RecursionError'>, 'NotImplementedError': <class 'NotImplementedError'>, 'NameError': <class 'NameError'>, 'UnboundLocalError': <class 'UnboundLocalError'>, 'AttributeError': <class 'AttributeError'>, 'SyntaxError': <class 'SyntaxError'>, 'IndentationError': <class 'IndentationError'>, 'TabError': <class 'TabError'>, 'LookupError': <class 'LookupError'>, 'IndexError': <class 'IndexError'>, 'KeyError': <class 'KeyError'>, 'ValueError': <class 'ValueError'>, 'UnicodeError': <class 'UnicodeError'>, 'UnicodeEncodeError': <class 'UnicodeEncodeError'>, 'UnicodeDecodeError': <class 'UnicodeDecodeError'>, 'UnicodeTranslateError': <class 'UnicodeTranslateError'>, 'AssertionError': <class 'AssertionError'>, 'ArithmeticError': <class 'ArithmeticError'>, 'FloatingPointError': <class 'FloatingPointError'>, 'OverflowError': <class 'OverflowError'>, 'ZeroDivisionError': <class 'ZeroDivisionError'>, 'SystemError': <class 'SystemError'>, 'ReferenceError': <class 'ReferenceError'>, 'MemoryError': <class 'MemoryError'>, 'BufferError': <class 'BufferError'>, 'Warning': <class 'Warning'>, 'UserWarning': <class 'UserWarning'>, 'DeprecationWarning': <class 'DeprecationWarning'>, 'PendingDeprecationWarning': <class 'PendingDeprecationWarning'>, 'SyntaxWarning': <class 'SyntaxWarning'>, 'RuntimeWarning': <class 'RuntimeWarning'>, 'FutureWarning': <class 'FutureWarning'>, 'ImportWarning': <class 'ImportWarning'>, 'UnicodeWarning': <class 'UnicodeWarning'>, 'BytesWarning': <class 'BytesWarning'>, 'ResourceWarning': <class 'ResourceWarning'>, 'ConnectionError': <class 'ConnectionError'>, 'BlockingIOError': <class 'BlockingIOError'>, 'BrokenPipeError': <class 'BrokenPipeError'>, 'ChildProcessError': <class 'ChildProcessError'>, 'ConnectionAbortedError': <class 'ConnectionAbortedError'>, 'ConnectionRefusedError': <class 'ConnectionRefusedError'>, 'ConnectionResetError': <class 'ConnectionResetError'>, 'FileExistsError': <class 'FileExistsError'>, 'FileNotFoundError': <class 'FileNotFoundError'>, 'IsADirectoryError': <class 'IsADirectoryError'>, 'NotADirectoryError': <class 'NotADirectoryError'>, 'InterruptedError': <class 'InterruptedError'>, 'PermissionError': <class 'PermissionError'>, 'ProcessLookupError': <class 'ProcessLookupError'>, 'TimeoutError': <class 'TimeoutError'>, 'open': <built-in function open>, 'quit': Use quit() or Ctrl-D (i.e. EOF) to exit, 'exit': Use exit() or Ctrl-D (i.e. EOF) to exit, 'copyright': Copyright (c) 2001-2019 Python Software Foundation.
All Rights Reserved.

Copyright (c) 2000 BeOpen.com.
All Rights Reserved.

Copyright (c) 1995-2001 Corporation for National Research Initiatives.
All Rights Reserved.

Copyright (c) 1991-1995 Stichting Mathematisch Centrum, Amsterdam.
All Rights Reserved., 'credits':     Thanks to CWI, CNRI, BeOpen.com, Zope Corporation and a cast of thousands
    for supporting Python development.  See www.python.org for more information., 'license': Type license() to see the full license text, 'help': Type help() for interactive help, or help(object) for help about object.}
        finish pytest_pycollect_makeitem --> None [hook]
        pytest_pycollect_makeitem [hook]
            collector: <Module test_utils.py>
            name: @py_builtins
            obj: <module 'builtins' (built-in)>
        finish pytest_pycollect_makeitem --> None [hook]
        pytest_pycollect_makeitem [hook]
            collector: <Module test_utils.py>
            name: @pytest_ar
            obj: <module '_pytest.assertion.rewrite' from '/home/ggaloys/dev/virtualenv/python-NQM2m0Mm/lib/python3.7/site-packages/_pytest/assertion/rewrite.py'>
        finish pytest_pycollect_makeitem --> None [hook]
        pytest_pycollect_makeitem [hook]
            collector: <Module test_utils.py>
            name: unittest
            obj: <module 'unittest' from '/usr/lib/python3.7/unittest/__init__.py'>
        finish pytest_pycollect_makeitem --> None [hook]
        pytest_pycollect_makeitem [hook]
            collector: <Module test_utils.py>
            name: utils
            obj: <module 'aswfdocker.utils' from '/home/ggaloys/dev/aswf-docker/python/aswfdocker/utils.py'>
        finish pytest_pycollect_makeitem --> None [hook]
        pytest_pycollect_makeitem [hook]
            collector: <Module test_utils.py>
            name: TestBuilder
            obj: <class 'aswfdocker.tests.test_utils.TestBuilder'>
        finish pytest_pycollect_makeitem --> <UnitTestCase TestBuilder> [hook]
        pytest_pycollect_makeitem [hook]
            collector: <Module test_utils.py>
            name: __repr__
            obj: <slot wrapper '__repr__' of 'module' objects>
        finish pytest_pycollect_makeitem --> None [hook]
        pytest_pycollect_makeitem [hook]
            collector: <Module test_utils.py>
            name: __getattribute__
            obj: <slot wrapper '__getattribute__' of 'module' objects>
        finish pytest_pycollect_makeitem --> None [hook]
        pytest_pycollect_makeitem [hook]
            collector: <Module test_utils.py>
            name: __setattr__
            obj: <slot wrapper '__setattr__' of 'module' objects>
        finish pytest_pycollect_makeitem --> None [hook]
        pytest_pycollect_makeitem [hook]
            collector: <Module test_utils.py>
            name: __delattr__
            obj: <slot wrapper '__delattr__' of 'module' objects>
        finish pytest_pycollect_makeitem --> None [hook]
        pytest_pycollect_makeitem [hook]
            collector: <Module test_utils.py>
            name: __init__
            obj: <slot wrapper '__init__' of 'module' objects>
        finish pytest_pycollect_makeitem --> None [hook]
        pytest_pycollect_makeitem [hook]
            collector: <Module test_utils.py>
            name: __new__
            obj: <built-in method __new__ of type object at 0x8526e0>
        finish pytest_pycollect_makeitem --> None [hook]
        pytest_pycollect_makeitem [hook]
            collector: <Module test_utils.py>
            name: __dir__
            obj: <method '__dir__' of 'module' objects>
        finish pytest_pycollect_makeitem --> None [hook]
        pytest_pycollect_makeitem [hook]
            collector: <Module test_utils.py>
            name: __dict__
            obj: <member '__dict__' of 'module' objects>
        finish pytest_pycollect_makeitem --> None [hook]
        pytest_pycollect_makeitem [hook]
            collector: <Module test_utils.py>
            name: __hash__
            obj: <slot wrapper '__hash__' of 'object' objects>
        finish pytest_pycollect_makeitem --> None [hook]
        pytest_pycollect_makeitem [hook]
            collector: <Module test_utils.py>
            name: __str__
            obj: <slot wrapper '__str__' of 'object' objects>
        finish pytest_pycollect_makeitem --> None [hook]
        pytest_pycollect_makeitem [hook]
            collector: <Module test_utils.py>
            name: __lt__
            obj: <slot wrapper '__lt__' of 'object' objects>
        finish pytest_pycollect_makeitem --> None [hook]
        pytest_pycollect_makeitem [hook]
            collector: <Module test_utils.py>
            name: __le__
            obj: <slot wrapper '__le__' of 'object' objects>
        finish pytest_pycollect_makeitem --> None [hook]
        pytest_pycollect_makeitem [hook]
            collector: <Module test_utils.py>
            name: __eq__
            obj: <slot wrapper '__eq__' of 'object' objects>
        finish pytest_pycollect_makeitem --> None [hook]
        pytest_pycollect_makeitem [hook]
            collector: <Module test_utils.py>
            name: __ne__
            obj: <slot wrapper '__ne__' of 'object' objects>
        finish pytest_pycollect_makeitem --> None [hook]
        pytest_pycollect_makeitem [hook]
            collector: <Module test_utils.py>
            name: __gt__
            obj: <slot wrapper '__gt__' of 'object' objects>
        finish pytest_pycollect_makeitem --> None [hook]
        pytest_pycollect_makeitem [hook]
            collector: <Module test_utils.py>
            name: __ge__
            obj: <slot wrapper '__ge__' of 'object' objects>
        finish pytest_pycollect_makeitem --> None [hook]
        pytest_pycollect_makeitem [hook]
            collector: <Module test_utils.py>
            name: __reduce_ex__
            obj: <method '__reduce_ex__' of 'object' objects>
        finish pytest_pycollect_makeitem --> None [hook]
        pytest_pycollect_makeitem [hook]
            collector: <Module test_utils.py>
            name: __reduce__
            obj: <method '__reduce__' of 'object' objects>
        finish pytest_pycollect_makeitem --> None [hook]
        pytest_pycollect_makeitem [hook]
            collector: <Module test_utils.py>
            name: __subclasshook__
            obj: <method '__subclasshook__' of 'object' objects>
        finish pytest_pycollect_makeitem --> None [hook]
        pytest_pycollect_makeitem [hook]
            collector: <Module test_utils.py>
            name: __init_subclass__
            obj: <method '__init_subclass__' of 'object' objects>
        finish pytest_pycollect_makeitem --> None [hook]
        pytest_pycollect_makeitem [hook]
            collector: <Module test_utils.py>
            name: __format__
            obj: <method '__format__' of 'object' objects>
        finish pytest_pycollect_makeitem --> None [hook]
        pytest_pycollect_makeitem [hook]
            collector: <Module test_utils.py>
            name: __sizeof__
            obj: <method '__sizeof__' of 'object' objects>
        finish pytest_pycollect_makeitem --> None [hook]
        pytest_pycollect_makeitem [hook]
            collector: <Module test_utils.py>
            name: __class__
            obj: <attribute '__class__' of 'object' objects>
        finish pytest_pycollect_makeitem --> None [hook]
      finish pytest_make_collect_report --> <CollectReport 'python/aswfdocker/tests/test_utils.py' lenresult=1 outcome='passed'> [hook]
    genitems <UnitTestCase TestBuilder> [collection]
      pytest_collectstart [hook]
          collector: <UnitTestCase TestBuilder>
      finish pytest_collectstart --> [] [hook]
      pytest_make_collect_report [hook]
          collector: <UnitTestCase TestBuilder>
      finish pytest_make_collect_report --> <CollectReport 'python/aswfdocker/tests/test_utils.py::TestBuilder' lenresult=2 outcome='passed'> [hook]
    genitems <TestCaseFunction test_get_docker_org> [collection]
      pytest_itemcollected [hook]
          item: <TestCaseFunction test_get_docker_org>
      finish pytest_itemcollected --> [] [hook]
    genitems <TestCaseFunction test_get_docker_push> [collection]
      pytest_itemcollected [hook]
          item: <TestCaseFunction test_get_docker_push>
      finish pytest_itemcollected --> [] [hook]
      pytest_collectreport [hook]
          report: <CollectReport 'python/aswfdocker/tests/test_utils.py::TestBuilder' lenresult=2 outcome='passed'>
      finish pytest_collectreport --> [] [hook]
      pytest_collectreport [hook]
          report: <CollectReport 'python/aswfdocker/tests/test_utils.py' lenresult=1 outcome='passed'>
      finish pytest_collectreport --> [] [hook]
      pytest_collectreport [hook]
          report: <CollectReport 'python/aswfdocker/tests/__init__.py' lenresult=3 outcome='passed'>
      finish pytest_collectreport --> [] [hook]
      pytest_collection_modifyitems [hook]
          session: <Session aswf-docker exitstatus=<ExitCode.OK: 0> testsfailed=0 testscollected=0>
          config: <_pytest.config.Config object at 0x7f5f0d19bb90>
          items: [<TestCaseFunction test_image_base_2019_dict>, <TestCaseFunction test_package_baseqt_2019_dict>, <TestCaseFunction test_migrate_nofilter>, <TestCaseFunction test_migrate_pkgfilter>, <TestCaseFunction test_migrate_versionfilter>, <TestCaseFunction test_get_docker_org>, <TestCaseFunction test_get_docker_push>]
      finish pytest_collection_modifyitems --> [] [hook]
      pytest_collection_finish [hook]
          session: <Session aswf-docker exitstatus=<ExitCode.OK: 0> testsfailed=0 testscollected=0>
        pytest_report_collectionfinish [hook]
            config: <_pytest.config.Config object at 0x7f5f0d19bb90>
            startdir: /home/ggaloys/dev/aswf-docker
            items: [<TestCaseFunction test_image_base_2019_dict>, <TestCaseFunction test_package_baseqt_2019_dict>, <TestCaseFunction test_migrate_nofilter>, <TestCaseFunction test_migrate_pkgfilter>, <TestCaseFunction test_migrate_versionfilter>, <TestCaseFunction test_get_docker_org>, <TestCaseFunction test_get_docker_push>]
        finish pytest_report_collectionfinish --> [] [hook]
      finish pytest_collection_finish --> [] [hook]
      pytest_warning_captured [hook]
          warning_message: {message : DeprecationWarning("'U' mode is deprecated"), category : 'DeprecationWarning', filename : '/home/ggaloys/dev/virtualenv/python-NQM2m0Mm/lib/python3.7/site.py', lineno : 429, line : None}
          when: collect
          item: None
      finish pytest_warning_captured --> [] [hook]
      pytest_warning_captured [hook]
          warning_message: {message : DeprecationWarning("'U' mode is deprecated"), category : 'DeprecationWarning', filename : '/home/ggaloys/dev/virtualenv/python-NQM2m0Mm/lib/python3.7/site.py', lineno : 429, line : None}
          when: collect
          item: None
      finish pytest_warning_captured --> [] [hook]
      pytest_warning_captured [hook]
          warning_message: {message : DeprecationWarning("'U' mode is deprecated"), category : 'DeprecationWarning', filename : '/home/ggaloys/dev/virtualenv/python-NQM2m0Mm/lib/python3.7/site.py', lineno : 429, line : None}
          when: collect
          item: None
      finish pytest_warning_captured --> [] [hook]
      pytest_warning_captured [hook]
          warning_message: {message : DeprecationWarning("'U' mode is deprecated"), category : 'DeprecationWarning', filename : '/home/ggaloys/dev/virtualenv/python-NQM2m0Mm/lib/python3.7/site.py', lineno : 429, line : None}
          when: collect
          item: None
      finish pytest_warning_captured --> [] [hook]
      pytest_warning_captured [hook]
          warning_message: {message : DeprecationWarning("'U' mode is deprecated"), category : 'DeprecationWarning', filename : '/home/ggaloys/dev/virtualenv/python-NQM2m0Mm/lib/python3.7/site.py', lineno : 429, line : None}
          when: collect
          item: None
      finish pytest_warning_captured --> [] [hook]
      pytest_warning_captured [hook]
          warning_message: {message : DeprecationWarning("'U' mode is deprecated"), category : 'DeprecationWarning', filename : '/home/ggaloys/dev/virtualenv/python-NQM2m0Mm/lib/python3.7/site.py', lineno : 429, line : None}
          when: collect
          item: None
      finish pytest_warning_captured --> [] [hook]
    finish pytest_collection --> [<TestCaseFunction test_image_base_2019_dict>, <TestCaseFunction test_package_baseqt_2019_dict>, <TestCaseFunction test_migrate_nofilter>, <TestCaseFunction test_migrate_pkgfilter>, <TestCaseFunction test_migrate_versionfilter>, <TestCaseFunction test_get_docker_org>, <TestCaseFunction test_get_docker_push>] [hook]
    pytest_runtestloop [hook]
        session: <Session aswf-docker exitstatus=<ExitCode.OK: 0> testsfailed=0 testscollected=7>
      pytest_runtest_protocol [hook]
          item: <TestCaseFunction test_image_base_2019_dict>
          nextitem: <TestCaseFunction test_package_baseqt_2019_dict>
        pytest_runtest_logstart [hook]
            nodeid: python/aswfdocker/tests/test_builder.py::TestBuilder::test_image_base_2019_dict
            location: ('python/aswfdocker/tests/test_builder.py', 48, 'TestBuilder.test_image_base_2019_dict')
        finish pytest_runtest_logstart --> [] [hook]
        pytest_runtest_setup [hook]
            item: <TestCaseFunction test_image_base_2019_dict>
          pytest_fixture_setup [hook]
              fixturedef: <FixtureDef argname='_UnitTestCase__pytest_class_setup' scope='class' baseid='python/aswfdocker/tests/test_builder.py::TestBuilder'>
              request: <SubRequest '_UnitTestCase__pytest_class_setup' for <TestCaseFunction test_image_base_2019_dict>>
          finish pytest_fixture_setup --> None [hook]
        finish pytest_runtest_setup --> [] [hook]
        pytest_runtest_makereport [hook]
            item: <TestCaseFunction test_image_base_2019_dict>
            call: <CallInfo when='setup' result: []>
        finish pytest_runtest_makereport --> <TestReport 'python/aswfdocker/tests/test_builder.py::TestBuilder::test_image_base_2019_dict' when='setup' outcome='passed'> [hook]
        pytest_runtest_logreport [hook]
            report: <TestReport 'python/aswfdocker/tests/test_builder.py::TestBuilder::test_image_base_2019_dict' when='setup' outcome='passed'>
          pytest_report_teststatus [hook]
              report: <TestReport 'python/aswfdocker/tests/test_builder.py::TestBuilder::test_image_base_2019_dict' when='setup' outcome='passed'>
              config: <_pytest.config.Config object at 0x7f5f0d19bb90>
          finish pytest_report_teststatus --> ('', '', '') [hook]
        finish pytest_runtest_logreport --> [] [hook]
        pytest_runtest_call [hook]
            item: <TestCaseFunction test_image_base_2019_dict>
        finish pytest_runtest_call --> [] [hook]
        pytest_runtest_makereport [hook]
            item: <TestCaseFunction test_image_base_2019_dict>
            call: <CallInfo when='call' result: []>
        finish pytest_runtest_makereport --> <TestReport 'python/aswfdocker/tests/test_builder.py::TestBuilder::test_image_base_2019_dict' when='call' outcome='passed'> [hook]
        pytest_runtest_logreport [hook]
            report: <TestReport 'python/aswfdocker/tests/test_builder.py::TestBuilder::test_image_base_2019_dict' when='call' outcome='passed'>
          pytest_report_teststatus [hook]
              report: <TestReport 'python/aswfdocker/tests/test_builder.py::TestBuilder::test_image_base_2019_dict' when='call' outcome='passed'>
              config: <_pytest.config.Config object at 0x7f5f0d19bb90>
          finish pytest_report_teststatus --> ('passed', '.', 'PASSED') [hook]
        finish pytest_runtest_logreport --> [] [hook]
        pytest_runtest_teardown [hook]
            item: <TestCaseFunction test_image_base_2019_dict>
            nextitem: <TestCaseFunction test_package_baseqt_2019_dict>
        finish pytest_runtest_teardown --> [] [hook]
        pytest_runtest_makereport [hook]
            item: <TestCaseFunction test_image_base_2019_dict>
            call: <CallInfo when='teardown' result: []>
        finish pytest_runtest_makereport --> <TestReport 'python/aswfdocker/tests/test_builder.py::TestBuilder::test_image_base_2019_dict' when='teardown' outcome='passed'> [hook]
        pytest_runtest_logreport [hook]
            report: <TestReport 'python/aswfdocker/tests/test_builder.py::TestBuilder::test_image_base_2019_dict' when='teardown' outcome='passed'>
          pytest_report_teststatus [hook]
              report: <TestReport 'python/aswfdocker/tests/test_builder.py::TestBuilder::test_image_base_2019_dict' when='teardown' outcome='passed'>
              config: <_pytest.config.Config object at 0x7f5f0d19bb90>
          finish pytest_report_teststatus --> ('', '', '') [hook]
        finish pytest_runtest_logreport --> [] [hook]
        pytest_runtest_logfinish [hook]
            nodeid: python/aswfdocker/tests/test_builder.py::TestBuilder::test_image_base_2019_dict
            location: ('python/aswfdocker/tests/test_builder.py', 48, 'TestBuilder.test_image_base_2019_dict')
        finish pytest_runtest_logfinish --> [] [hook]
      finish pytest_runtest_protocol --> True [hook]
      pytest_runtest_protocol [hook]
          item: <TestCaseFunction test_package_baseqt_2019_dict>
          nextitem: <TestCaseFunction test_migrate_nofilter>
        pytest_runtest_logstart [hook]
            nodeid: python/aswfdocker/tests/test_builder.py::TestBuilder::test_package_baseqt_2019_dict
            location: ('python/aswfdocker/tests/test_builder.py', 11, 'TestBuilder.test_package_baseqt_2019_dict')
        finish pytest_runtest_logstart --> [] [hook]
        pytest_runtest_setup [hook]
            item: <TestCaseFunction test_package_baseqt_2019_dict>
        finish pytest_runtest_setup --> [] [hook]
        pytest_runtest_makereport [hook]
            item: <TestCaseFunction test_package_baseqt_2019_dict>
            call: <CallInfo when='setup' result: []>
        finish pytest_runtest_makereport --> <TestReport 'python/aswfdocker/tests/test_builder.py::TestBuilder::test_package_baseqt_2019_dict' when='setup' outcome='passed'> [hook]
        pytest_runtest_logreport [hook]
            report: <TestReport 'python/aswfdocker/tests/test_builder.py::TestBuilder::test_package_baseqt_2019_dict' when='setup' outcome='passed'>
          pytest_report_teststatus [hook]
              report: <TestReport 'python/aswfdocker/tests/test_builder.py::TestBuilder::test_package_baseqt_2019_dict' when='setup' outcome='passed'>
              config: <_pytest.config.Config object at 0x7f5f0d19bb90>
          finish pytest_report_teststatus --> ('', '', '') [hook]
        finish pytest_runtest_logreport --> [] [hook]
        pytest_runtest_call [hook]
            item: <TestCaseFunction test_package_baseqt_2019_dict>
        finish pytest_runtest_call --> [] [hook]
        pytest_runtest_makereport [hook]
            item: <TestCaseFunction test_package_baseqt_2019_dict>
            call: <CallInfo when='call' result: []>
        finish pytest_runtest_makereport --> <TestReport 'python/aswfdocker/tests/test_builder.py::TestBuilder::test_package_baseqt_2019_dict' when='call' outcome='passed'> [hook]
        pytest_runtest_logreport [hook]
            report: <TestReport 'python/aswfdocker/tests/test_builder.py::TestBuilder::test_package_baseqt_2019_dict' when='call' outcome='passed'>
          pytest_report_teststatus [hook]
              report: <TestReport 'python/aswfdocker/tests/test_builder.py::TestBuilder::test_package_baseqt_2019_dict' when='call' outcome='passed'>
              config: <_pytest.config.Config object at 0x7f5f0d19bb90>
          finish pytest_report_teststatus --> ('passed', '.', 'PASSED') [hook]
        finish pytest_runtest_logreport --> [] [hook]
        pytest_runtest_teardown [hook]
            item: <TestCaseFunction test_package_baseqt_2019_dict>
            nextitem: <TestCaseFunction test_migrate_nofilter>
          pytest_fixture_post_finalizer [hook]
              fixturedef: <FixtureDef argname='_UnitTestCase__pytest_class_setup' scope='class' baseid='python/aswfdocker/tests/test_builder.py::TestBuilder'>
              request: <SubRequest '_UnitTestCase__pytest_class_setup' for <TestCaseFunction test_package_baseqt_2019_dict>>
          finish pytest_fixture_post_finalizer --> [] [hook]
          pytest_fixture_post_finalizer [hook]
              fixturedef: <FixtureDef argname='_UnitTestCase__pytest_class_setup' scope='class' baseid='python/aswfdocker/tests/test_builder.py::TestBuilder'>
              request: <SubRequest '_UnitTestCase__pytest_class_setup' for <TestCaseFunction test_image_base_2019_dict>>
          finish pytest_fixture_post_finalizer --> [] [hook]
        finish pytest_runtest_teardown --> [] [hook]
        pytest_runtest_makereport [hook]
            item: <TestCaseFunction test_package_baseqt_2019_dict>
            call: <CallInfo when='teardown' result: []>
        finish pytest_runtest_makereport --> <TestReport 'python/aswfdocker/tests/test_builder.py::TestBuilder::test_package_baseqt_2019_dict' when='teardown' outcome='passed'> [hook]
        pytest_runtest_logreport [hook]
            report: <TestReport 'python/aswfdocker/tests/test_builder.py::TestBuilder::test_package_baseqt_2019_dict' when='teardown' outcome='passed'>
          pytest_report_teststatus [hook]
              report: <TestReport 'python/aswfdocker/tests/test_builder.py::TestBuilder::test_package_baseqt_2019_dict' when='teardown' outcome='passed'>
              config: <_pytest.config.Config object at 0x7f5f0d19bb90>
          finish pytest_report_teststatus --> ('', '', '') [hook]
        finish pytest_runtest_logreport --> [] [hook]
        pytest_runtest_logfinish [hook]
            nodeid: python/aswfdocker/tests/test_builder.py::TestBuilder::test_package_baseqt_2019_dict
            location: ('python/aswfdocker/tests/test_builder.py', 11, 'TestBuilder.test_package_baseqt_2019_dict')
        finish pytest_runtest_logfinish --> [] [hook]
      finish pytest_runtest_protocol --> True [hook]
      pytest_runtest_protocol [hook]
          item: <TestCaseFunction test_migrate_nofilter>
          nextitem: <TestCaseFunction test_migrate_pkgfilter>
        pytest_runtest_logstart [hook]
            nodeid: python/aswfdocker/tests/test_migrater.py::TestBuilder::test_migrate_nofilter
            location: ('python/aswfdocker/tests/test_migrater.py', 8, 'TestBuilder.test_migrate_nofilter')
        finish pytest_runtest_logstart --> [] [hook]
        pytest_runtest_setup [hook]
            item: <TestCaseFunction test_migrate_nofilter>
          pytest_fixture_setup [hook]
              fixturedef: <FixtureDef argname='_UnitTestCase__pytest_class_setup' scope='class' baseid='python/aswfdocker/tests/test_migrater.py::TestBuilder'>
              request: <SubRequest '_UnitTestCase__pytest_class_setup' for <TestCaseFunction test_migrate_nofilter>>
          finish pytest_fixture_setup --> None [hook]
        finish pytest_runtest_setup --> [] [hook]
        pytest_runtest_makereport [hook]
            item: <TestCaseFunction test_migrate_nofilter>
            call: <CallInfo when='setup' result: []>
        finish pytest_runtest_makereport --> <TestReport 'python/aswfdocker/tests/test_migrater.py::TestBuilder::test_migrate_nofilter' when='setup' outcome='passed'> [hook]
        pytest_runtest_logreport [hook]
            report: <TestReport 'python/aswfdocker/tests/test_migrater.py::TestBuilder::test_migrate_nofilter' when='setup' outcome='passed'>
          pytest_report_teststatus [hook]
              report: <TestReport 'python/aswfdocker/tests/test_migrater.py::TestBuilder::test_migrate_nofilter' when='setup' outcome='passed'>
              config: <_pytest.config.Config object at 0x7f5f0d19bb90>
          finish pytest_report_teststatus --> ('', '', '') [hook]
        finish pytest_runtest_logreport --> [] [hook]
        pytest_runtest_call [hook]
            item: <TestCaseFunction test_migrate_nofilter>
        finish pytest_runtest_call --> [] [hook]
        pytest_runtest_makereport [hook]
            item: <TestCaseFunction test_migrate_nofilter>
            call: <CallInfo when='call' result: []>
        finish pytest_runtest_makereport --> <TestReport 'python/aswfdocker/tests/test_migrater.py::TestBuilder::test_migrate_nofilter' when='call' outcome='passed'> [hook]
        pytest_runtest_logreport [hook]
            report: <TestReport 'python/aswfdocker/tests/test_migrater.py::TestBuilder::test_migrate_nofilter' when='call' outcome='passed'>
          pytest_report_teststatus [hook]
              report: <TestReport 'python/aswfdocker/tests/test_migrater.py::TestBuilder::test_migrate_nofilter' when='call' outcome='passed'>
              config: <_pytest.config.Config object at 0x7f5f0d19bb90>
          finish pytest_report_teststatus --> ('passed', '.', 'PASSED') [hook]
        finish pytest_runtest_logreport --> [] [hook]
        pytest_runtest_teardown [hook]
            item: <TestCaseFunction test_migrate_nofilter>
            nextitem: <TestCaseFunction test_migrate_pkgfilter>
        finish pytest_runtest_teardown --> [] [hook]
        pytest_runtest_makereport [hook]
            item: <TestCaseFunction test_migrate_nofilter>
            call: <CallInfo when='teardown' result: []>
        finish pytest_runtest_makereport --> <TestReport 'python/aswfdocker/tests/test_migrater.py::TestBuilder::test_migrate_nofilter' when='teardown' outcome='passed'> [hook]
        pytest_runtest_logreport [hook]
            report: <TestReport 'python/aswfdocker/tests/test_migrater.py::TestBuilder::test_migrate_nofilter' when='teardown' outcome='passed'>
          pytest_report_teststatus [hook]
              report: <TestReport 'python/aswfdocker/tests/test_migrater.py::TestBuilder::test_migrate_nofilter' when='teardown' outcome='passed'>
              config: <_pytest.config.Config object at 0x7f5f0d19bb90>
          finish pytest_report_teststatus --> ('', '', '') [hook]
        finish pytest_runtest_logreport --> [] [hook]
        pytest_runtest_logfinish [hook]
            nodeid: python/aswfdocker/tests/test_migrater.py::TestBuilder::test_migrate_nofilter
            location: ('python/aswfdocker/tests/test_migrater.py', 8, 'TestBuilder.test_migrate_nofilter')
        finish pytest_runtest_logfinish --> [] [hook]
      finish pytest_runtest_protocol --> True [hook]
      pytest_runtest_protocol [hook]
          item: <TestCaseFunction test_migrate_pkgfilter>
          nextitem: <TestCaseFunction test_migrate_versionfilter>
        pytest_runtest_logstart [hook]
            nodeid: python/aswfdocker/tests/test_migrater.py::TestBuilder::test_migrate_pkgfilter
            location: ('python/aswfdocker/tests/test_migrater.py', 13, 'TestBuilder.test_migrate_pkgfilter')
        finish pytest_runtest_logstart --> [] [hook]
        pytest_runtest_setup [hook]
            item: <TestCaseFunction test_migrate_pkgfilter>
        finish pytest_runtest_setup --> [] [hook]
        pytest_runtest_makereport [hook]
            item: <TestCaseFunction test_migrate_pkgfilter>
            call: <CallInfo when='setup' result: []>
        finish pytest_runtest_makereport --> <TestReport 'python/aswfdocker/tests/test_migrater.py::TestBuilder::test_migrate_pkgfilter' when='setup' outcome='passed'> [hook]
        pytest_runtest_logreport [hook]
            report: <TestReport 'python/aswfdocker/tests/test_migrater.py::TestBuilder::test_migrate_pkgfilter' when='setup' outcome='passed'>
          pytest_report_teststatus [hook]
              report: <TestReport 'python/aswfdocker/tests/test_migrater.py::TestBuilder::test_migrate_pkgfilter' when='setup' outcome='passed'>
              config: <_pytest.config.Config object at 0x7f5f0d19bb90>
          finish pytest_report_teststatus --> ('', '', '') [hook]
        finish pytest_runtest_logreport --> [] [hook]
        pytest_runtest_call [hook]
            item: <TestCaseFunction test_migrate_pkgfilter>
        finish pytest_runtest_call --> [] [hook]
        pytest_runtest_makereport [hook]
            item: <TestCaseFunction test_migrate_pkgfilter>
            call: <CallInfo when='call' result: []>
        finish pytest_runtest_makereport --> <TestReport 'python/aswfdocker/tests/test_migrater.py::TestBuilder::test_migrate_pkgfilter' when='call' outcome='passed'> [hook]
        pytest_runtest_logreport [hook]
            report: <TestReport 'python/aswfdocker/tests/test_migrater.py::TestBuilder::test_migrate_pkgfilter' when='call' outcome='passed'>
          pytest_report_teststatus [hook]
              report: <TestReport 'python/aswfdocker/tests/test_migrater.py::TestBuilder::test_migrate_pkgfilter' when='call' outcome='passed'>
              config: <_pytest.config.Config object at 0x7f5f0d19bb90>
          finish pytest_report_teststatus --> ('passed', '.', 'PASSED') [hook]
        finish pytest_runtest_logreport --> [] [hook]
        pytest_runtest_teardown [hook]
            item: <TestCaseFunction test_migrate_pkgfilter>
            nextitem: <TestCaseFunction test_migrate_versionfilter>
        finish pytest_runtest_teardown --> [] [hook]
        pytest_runtest_makereport [hook]
            item: <TestCaseFunction test_migrate_pkgfilter>
            call: <CallInfo when='teardown' result: []>
        finish pytest_runtest_makereport --> <TestReport 'python/aswfdocker/tests/test_migrater.py::TestBuilder::test_migrate_pkgfilter' when='teardown' outcome='passed'> [hook]
        pytest_runtest_logreport [hook]
            report: <TestReport 'python/aswfdocker/tests/test_migrater.py::TestBuilder::test_migrate_pkgfilter' when='teardown' outcome='passed'>
          pytest_report_teststatus [hook]
              report: <TestReport 'python/aswfdocker/tests/test_migrater.py::TestBuilder::test_migrate_pkgfilter' when='teardown' outcome='passed'>
              config: <_pytest.config.Config object at 0x7f5f0d19bb90>
          finish pytest_report_teststatus --> ('', '', '') [hook]
        finish pytest_runtest_logreport --> [] [hook]
        pytest_runtest_logfinish [hook]
            nodeid: python/aswfdocker/tests/test_migrater.py::TestBuilder::test_migrate_pkgfilter
            location: ('python/aswfdocker/tests/test_migrater.py', 13, 'TestBuilder.test_migrate_pkgfilter')
        finish pytest_runtest_logfinish --> [] [hook]
      finish pytest_runtest_protocol --> True [hook]
      pytest_runtest_protocol [hook]
          item: <TestCaseFunction test_migrate_versionfilter>
          nextitem: <TestCaseFunction test_get_docker_org>
        pytest_runtest_logstart [hook]
            nodeid: python/aswfdocker/tests/test_migrater.py::TestBuilder::test_migrate_versionfilter
            location: ('python/aswfdocker/tests/test_migrater.py', 18, 'TestBuilder.test_migrate_versionfilter')
        finish pytest_runtest_logstart --> [] [hook]
        pytest_runtest_setup [hook]
            item: <TestCaseFunction test_migrate_versionfilter>
        finish pytest_runtest_setup --> [] [hook]
        pytest_runtest_makereport [hook]
            item: <TestCaseFunction test_migrate_versionfilter>
            call: <CallInfo when='setup' result: []>
        finish pytest_runtest_makereport --> <TestReport 'python/aswfdocker/tests/test_migrater.py::TestBuilder::test_migrate_versionfilter' when='setup' outcome='passed'> [hook]
        pytest_runtest_logreport [hook]
            report: <TestReport 'python/aswfdocker/tests/test_migrater.py::TestBuilder::test_migrate_versionfilter' when='setup' outcome='passed'>
          pytest_report_teststatus [hook]
              report: <TestReport 'python/aswfdocker/tests/test_migrater.py::TestBuilder::test_migrate_versionfilter' when='setup' outcome='passed'>
              config: <_pytest.config.Config object at 0x7f5f0d19bb90>
          finish pytest_report_teststatus --> ('', '', '') [hook]
        finish pytest_runtest_logreport --> [] [hook]
        pytest_runtest_call [hook]
            item: <TestCaseFunction test_migrate_versionfilter>
        finish pytest_runtest_call --> [] [hook]
        pytest_runtest_makereport [hook]
            item: <TestCaseFunction test_migrate_versionfilter>
            call: <CallInfo when='call' result: []>
        finish pytest_runtest_makereport --> <TestReport 'python/aswfdocker/tests/test_migrater.py::TestBuilder::test_migrate_versionfilter' when='call' outcome='failed'> [hook]
        pytest_runtest_logreport [hook]
            report: <TestReport 'python/aswfdocker/tests/test_migrater.py::TestBuilder::test_migrate_versionfilter' when='call' outcome='failed'>
          pytest_report_teststatus [hook]
              report: <TestReport 'python/aswfdocker/tests/test_migrater.py::TestBuilder::test_migrate_versionfilter' when='call' outcome='failed'>
              config: <_pytest.config.Config object at 0x7f5f0d19bb90>
          finish pytest_report_teststatus --> ('failed', 'F', 'FAILED') [hook]
        finish pytest_runtest_logreport --> [] [hook]
        pytest_exception_interact [hook]
            node: <TestCaseFunction test_migrate_versionfilter>
            call: <CallInfo when='call' excinfo=<ExceptionInfo AssertionError("Lists differ: ['doc[317 chars]nexr:2019.1', 'docker tag docker.io/dst/ci-pac[111 chars]9.1'] != ['doc[...xr:2019.1 '\n   'docker.io/dst/ci-package-openexr:latest',\n   'docker push docker.io/dst/ci-package-openexr:2019.1']") tblen=1>>
            report: <TestReport 'python/aswfdocker/tests/test_migrater.py::TestBuilder::test_migrate_versionfilter' when='call' outcome='failed'>
        finish pytest_exception_interact --> [] [hook]
        pytest_runtest_teardown [hook]
            item: <TestCaseFunction test_migrate_versionfilter>
            nextitem: <TestCaseFunction test_get_docker_org>
          pytest_fixture_post_finalizer [hook]
              fixturedef: <FixtureDef argname='_UnitTestCase__pytest_class_setup' scope='class' baseid='python/aswfdocker/tests/test_migrater.py::TestBuilder'>
              request: <SubRequest '_UnitTestCase__pytest_class_setup' for <TestCaseFunction test_migrate_versionfilter>>
          finish pytest_fixture_post_finalizer --> [] [hook]
          pytest_fixture_post_finalizer [hook]
              fixturedef: <FixtureDef argname='_UnitTestCase__pytest_class_setup' scope='class' baseid='python/aswfdocker/tests/test_migrater.py::TestBuilder'>
              request: <SubRequest '_UnitTestCase__pytest_class_setup' for <TestCaseFunction test_migrate_pkgfilter>>
          finish pytest_fixture_post_finalizer --> [] [hook]
          pytest_fixture_post_finalizer [hook]
              fixturedef: <FixtureDef argname='_UnitTestCase__pytest_class_setup' scope='class' baseid='python/aswfdocker/tests/test_migrater.py::TestBuilder'>
              request: <SubRequest '_UnitTestCase__pytest_class_setup' for <TestCaseFunction test_migrate_nofilter>>
          finish pytest_fixture_post_finalizer --> [] [hook]
        finish pytest_runtest_teardown --> [] [hook]
        pytest_runtest_makereport [hook]
            item: <TestCaseFunction test_migrate_versionfilter>
            call: <CallInfo when='teardown' result: []>
        finish pytest_runtest_makereport --> <TestReport 'python/aswfdocker/tests/test_migrater.py::TestBuilder::test_migrate_versionfilter' when='teardown' outcome='passed'> [hook]
        pytest_runtest_logreport [hook]
            report: <TestReport 'python/aswfdocker/tests/test_migrater.py::TestBuilder::test_migrate_versionfilter' when='teardown' outcome='passed'>
          pytest_report_teststatus [hook]
              report: <TestReport 'python/aswfdocker/tests/test_migrater.py::TestBuilder::test_migrate_versionfilter' when='teardown' outcome='passed'>
              config: <_pytest.config.Config object at 0x7f5f0d19bb90>
          finish pytest_report_teststatus --> ('', '', '') [hook]
        finish pytest_runtest_logreport --> [] [hook]
        pytest_runtest_logfinish [hook]
            nodeid: python/aswfdocker/tests/test_migrater.py::TestBuilder::test_migrate_versionfilter
            location: ('python/aswfdocker/tests/test_migrater.py', 18, 'TestBuilder.test_migrate_versionfilter')
        finish pytest_runtest_logfinish --> [] [hook]
      finish pytest_runtest_protocol --> True [hook]
      pytest_runtest_protocol [hook]
          item: <TestCaseFunction test_get_docker_org>
          nextitem: <TestCaseFunction test_get_docker_push>
        pytest_runtest_logstart [hook]
            nodeid: python/aswfdocker/tests/test_utils.py::TestBuilder::test_get_docker_org
            location: ('python/aswfdocker/tests/test_utils.py', 5, 'TestBuilder.test_get_docker_org')
        finish pytest_runtest_logstart --> [] [hook]
        pytest_runtest_setup [hook]
            item: <TestCaseFunction test_get_docker_org>
          pytest_fixture_setup [hook]
              fixturedef: <FixtureDef argname='_UnitTestCase__pytest_class_setup' scope='class' baseid='python/aswfdocker/tests/test_utils.py::TestBuilder'>
              request: <SubRequest '_UnitTestCase__pytest_class_setup' for <TestCaseFunction test_get_docker_org>>
          finish pytest_fixture_setup --> None [hook]
        finish pytest_runtest_setup --> [] [hook]
        pytest_runtest_makereport [hook]
            item: <TestCaseFunction test_get_docker_org>
            call: <CallInfo when='setup' result: []>
        finish pytest_runtest_makereport --> <TestReport 'python/aswfdocker/tests/test_utils.py::TestBuilder::test_get_docker_org' when='setup' outcome='passed'> [hook]
        pytest_runtest_logreport [hook]
            report: <TestReport 'python/aswfdocker/tests/test_utils.py::TestBuilder::test_get_docker_org' when='setup' outcome='passed'>
          pytest_report_teststatus [hook]
              report: <TestReport 'python/aswfdocker/tests/test_utils.py::TestBuilder::test_get_docker_org' when='setup' outcome='passed'>
              config: <_pytest.config.Config object at 0x7f5f0d19bb90>
          finish pytest_report_teststatus --> ('', '', '') [hook]
        finish pytest_runtest_logreport --> [] [hook]
        pytest_runtest_call [hook]
            item: <TestCaseFunction test_get_docker_org>
        finish pytest_runtest_call --> [] [hook]
        pytest_runtest_makereport [hook]
            item: <TestCaseFunction test_get_docker_org>
            call: <CallInfo when='call' result: []>
        finish pytest_runtest_makereport --> <TestReport 'python/aswfdocker/tests/test_utils.py::TestBuilder::test_get_docker_org' when='call' outcome='passed'> [hook]
        pytest_runtest_logreport [hook]
            report: <TestReport 'python/aswfdocker/tests/test_utils.py::TestBuilder::test_get_docker_org' when='call' outcome='passed'>
          pytest_report_teststatus [hook]
              report: <TestReport 'python/aswfdocker/tests/test_utils.py::TestBuilder::test_get_docker_org' when='call' outcome='passed'>
              config: <_pytest.config.Config object at 0x7f5f0d19bb90>
          finish pytest_report_teststatus --> ('passed', '.', 'PASSED') [hook]
        finish pytest_runtest_logreport --> [] [hook]
        pytest_runtest_teardown [hook]
            item: <TestCaseFunction test_get_docker_org>
            nextitem: <TestCaseFunction test_get_docker_push>
        finish pytest_runtest_teardown --> [] [hook]
        pytest_runtest_makereport [hook]
            item: <TestCaseFunction test_get_docker_org>
            call: <CallInfo when='teardown' result: []>
        finish pytest_runtest_makereport --> <TestReport 'python/aswfdocker/tests/test_utils.py::TestBuilder::test_get_docker_org' when='teardown' outcome='passed'> [hook]
        pytest_runtest_logreport [hook]
            report: <TestReport 'python/aswfdocker/tests/test_utils.py::TestBuilder::test_get_docker_org' when='teardown' outcome='passed'>
          pytest_report_teststatus [hook]
              report: <TestReport 'python/aswfdocker/tests/test_utils.py::TestBuilder::test_get_docker_org' when='teardown' outcome='passed'>
              config: <_pytest.config.Config object at 0x7f5f0d19bb90>
          finish pytest_report_teststatus --> ('', '', '') [hook]
        finish pytest_runtest_logreport --> [] [hook]
        pytest_runtest_logfinish [hook]
            nodeid: python/aswfdocker/tests/test_utils.py::TestBuilder::test_get_docker_org
            location: ('python/aswfdocker/tests/test_utils.py', 5, 'TestBuilder.test_get_docker_org')
        finish pytest_runtest_logfinish --> [] [hook]
      finish pytest_runtest_protocol --> True [hook]
      pytest_runtest_protocol [hook]
          item: <TestCaseFunction test_get_docker_push>
          nextitem: None
        pytest_runtest_logstart [hook]
            nodeid: python/aswfdocker/tests/test_utils.py::TestBuilder::test_get_docker_push
            location: ('python/aswfdocker/tests/test_utils.py', 34, 'TestBuilder.test_get_docker_push')
        finish pytest_runtest_logstart --> [] [hook]
        pytest_runtest_setup [hook]
            item: <TestCaseFunction test_get_docker_push>
        finish pytest_runtest_setup --> [] [hook]
        pytest_runtest_makereport [hook]
            item: <TestCaseFunction test_get_docker_push>
            call: <CallInfo when='setup' result: []>
        finish pytest_runtest_makereport --> <TestReport 'python/aswfdocker/tests/test_utils.py::TestBuilder::test_get_docker_push' when='setup' outcome='passed'> [hook]
        pytest_runtest_logreport [hook]
            report: <TestReport 'python/aswfdocker/tests/test_utils.py::TestBuilder::test_get_docker_push' when='setup' outcome='passed'>
          pytest_report_teststatus [hook]
              report: <TestReport 'python/aswfdocker/tests/test_utils.py::TestBuilder::test_get_docker_push' when='setup' outcome='passed'>
              config: <_pytest.config.Config object at 0x7f5f0d19bb90>
          finish pytest_report_teststatus --> ('', '', '') [hook]
        finish pytest_runtest_logreport --> [] [hook]
        pytest_runtest_call [hook]
            item: <TestCaseFunction test_get_docker_push>
        finish pytest_runtest_call --> [] [hook]
        pytest_runtest_makereport [hook]
            item: <TestCaseFunction test_get_docker_push>
            call: <CallInfo when='call' result: []>
        finish pytest_runtest_makereport --> <TestReport 'python/aswfdocker/tests/test_utils.py::TestBuilder::test_get_docker_push' when='call' outcome='passed'> [hook]
        pytest_runtest_logreport [hook]
            report: <TestReport 'python/aswfdocker/tests/test_utils.py::TestBuilder::test_get_docker_push' when='call' outcome='passed'>
          pytest_report_teststatus [hook]
              report: <TestReport 'python/aswfdocker/tests/test_utils.py::TestBuilder::test_get_docker_push' when='call' outcome='passed'>
              config: <_pytest.config.Config object at 0x7f5f0d19bb90>
          finish pytest_report_teststatus --> ('passed', '.', 'PASSED') [hook]
        finish pytest_runtest_logreport --> [] [hook]
        pytest_runtest_teardown [hook]
            item: <TestCaseFunction test_get_docker_push>
            nextitem: None
          pytest_fixture_post_finalizer [hook]
              fixturedef: <FixtureDef argname='_UnitTestCase__pytest_class_setup' scope='class' baseid='python/aswfdocker/tests/test_utils.py::TestBuilder'>
              request: <SubRequest '_UnitTestCase__pytest_class_setup' for <TestCaseFunction test_get_docker_push>>
          finish pytest_fixture_post_finalizer --> [] [hook]
          pytest_fixture_post_finalizer [hook]
              fixturedef: <FixtureDef argname='_UnitTestCase__pytest_class_setup' scope='class' baseid='python/aswfdocker/tests/test_utils.py::TestBuilder'>
              request: <SubRequest '_UnitTestCase__pytest_class_setup' for <TestCaseFunction test_get_docker_org>>
          finish pytest_fixture_post_finalizer --> [] [hook]
        finish pytest_runtest_teardown --> [] [hook]
        pytest_runtest_makereport [hook]
            item: <TestCaseFunction test_get_docker_push>
            call: <CallInfo when='teardown' result: []>
        finish pytest_runtest_makereport --> <TestReport 'python/aswfdocker/tests/test_utils.py::TestBuilder::test_get_docker_push' when='teardown' outcome='passed'> [hook]
        pytest_runtest_logreport [hook]
            report: <TestReport 'python/aswfdocker/tests/test_utils.py::TestBuilder::test_get_docker_push' when='teardown' outcome='passed'>
          pytest_report_teststatus [hook]
              report: <TestReport 'python/aswfdocker/tests/test_utils.py::TestBuilder::test_get_docker_push' when='teardown' outcome='passed'>
              config: <_pytest.config.Config object at 0x7f5f0d19bb90>
          finish pytest_report_teststatus --> ('', '', '') [hook]
        finish pytest_runtest_logreport --> [] [hook]
        pytest_runtest_logfinish [hook]
            nodeid: python/aswfdocker/tests/test_utils.py::TestBuilder::test_get_docker_push
            location: ('python/aswfdocker/tests/test_utils.py', 34, 'TestBuilder.test_get_docker_push')
        finish pytest_runtest_logfinish --> [] [hook]
      finish pytest_runtest_protocol --> True [hook]
    finish pytest_runtestloop --> True [hook]
    pytest_sessionfinish [hook]
        session: <Session aswf-docker exitstatus=<ExitCode.TESTS_FAILED: 1> testsfailed=1 testscollected=7>
        exitstatus: ExitCode.TESTS_FAILED
      pytest_terminal_summary [hook]
          terminalreporter: <_pytest.terminal.TerminalReporter object at 0x7f5f0d018910>
          exitstatus: ExitCode.TESTS_FAILED
          config: <_pytest.config.Config object at 0x7f5f0d19bb90>
      finish pytest_terminal_summary --> [] [hook]
    finish pytest_sessionfinish --> [] [hook]
    pytest_unconfigure [hook]
        config: <_pytest.config.Config object at 0x7f5f0d19bb90>
    finish pytest_unconfigure --> [] [hook]
